<?xml version="1.0" encoding="UTF-8"?>
<robot generator="Robot 3.2.1 (Python 3.8.5 on win32)" generated="20200823 19:30:46.996" rpa="false">
<suite id="s1" name="Tests Alza" source="C:\Users\Ashal\eclipse-workspace\tests_alza">
<suite id="s1-s1" name="Tests" source="C:\Users\Ashal\eclipse-workspace\tests_alza\tests">
<suite id="s1-s1-s1" name="Tests Basket" source="C:\Users\Ashal\eclipse-workspace\tests_alza\tests\tests_basket.robot">
<test id="s1-s1-s1-t1" name="Go to Notebook Category Find 2 Most Expensive Items and Add Them to Basket">
<kw name="Open Browser and go to Page" type="setup">
<kw name="Set Screenshot Directory" library="Selenium2Library">
<doc>Sets the directory for captured screenshots.</doc>
<arguments>
<arg>screenshots</arg>
</arguments>
<status status="PASS" starttime="20200823 19:30:48.015" endtime="20200823 19:30:48.016"></status>
</kw>
<kw name="Open Browser" library="Selenium2Library">
<doc>Opens a new browser instance to the optional ``url``.</doc>
<arguments>
<arg>${url}</arg>
<arg>${browser}</arg>
</arguments>
<msg timestamp="20200823 19:30:48.016" level="INFO">Opening browser 'chrome' to base url 'https://www.alza.cz/'.</msg>
<status status="PASS" starttime="20200823 19:30:48.016" endtime="20200823 19:30:52.748"></status>
</kw>
<kw name="Maximize Browser Window" library="Selenium2Library">
<doc>Maximizes current browser window.</doc>
<status status="PASS" starttime="20200823 19:30:52.748" endtime="20200823 19:30:54.884"></status>
</kw>
<status status="PASS" starttime="20200823 19:30:48.015" endtime="20200823 19:30:54.884"></status>
</kw>
<kw name="Go To Category">
<arguments>
<arg>id:litp18842920</arg>
<arg>Notebooky</arg>
</arguments>
<kw name="Click Element" library="Selenium2Library">
<doc>Click the element identified by ``locator``.</doc>
<arguments>
<arg>${category_btn}</arg>
</arguments>
<msg timestamp="20200823 19:30:54.885" level="INFO">Clicking element 'id:litp18842920'.</msg>
<status status="PASS" starttime="20200823 19:30:54.885" endtime="20200823 19:30:56.588"></status>
</kw>
<kw name="Wait Until Element Contains" library="Selenium2Library">
<doc>Waits until the element ``locator`` contains ``text``.</doc>
<arguments>
<arg>${category_assert_tag}</arg>
<arg>${category_assert}</arg>
</arguments>
<status status="PASS" starttime="20200823 19:30:56.589" endtime="20200823 19:30:57.919"></status>
</kw>
<status status="PASS" starttime="20200823 19:30:54.885" endtime="20200823 19:30:57.920"></status>
</kw>
<kw name="Find nth Most Expensive Item and Add it">
<arguments>
<arg>1</arg>
</arguments>
<kw name="Wait Until Page Contains Element" library="Selenium2Library">
<doc>Waits until the element ``locator`` appears on the current page.</doc>
<arguments>
<arg>${item_price_tag}</arg>
</arguments>
<status status="PASS" starttime="20200823 19:30:57.921" endtime="20200823 19:30:57.943"></status>
</kw>
<kw name="Find Element with nth Highest Price">
<arguments>
<arg>${item_price_tag}</arg>
<arg>${n}</arg>
</arguments>
<assign>
<var>${nth_price_index}</var>
</assign>
<kw name="Get WebElements" library="Selenium2Library">
<doc>Returns a list of WebElement objects matching the ``locator``.</doc>
<arguments>
<arg>${elements_tag}</arg>
</arguments>
<assign>
<var>${element_list}</var>
</assign>
<msg timestamp="20200823 19:30:57.958" level="INFO">${element_list} = [&lt;selenium.webdriver.remote.webelement.WebElement (session="dbaa0e6ae3840682ffaf197e1167d2c2", element="ce29b7cc-985a-4552-8692-e6801f5a7976")&gt;, &lt;selenium.webdriver.remote.webelement.WebElement (sessi...</msg>
<status status="PASS" starttime="20200823 19:30:57.944" endtime="20200823 19:30:57.959"></status>
</kw>
<kw name="Get Element Count" library="Selenium2Library">
<doc>Returns the number of elements matching ``locator``.</doc>
<arguments>
<arg>${elements_tag}</arg>
</arguments>
<assign>
<var>${element_count}</var>
</assign>
<msg timestamp="20200823 19:30:57.976" level="INFO">${element_count} = 24</msg>
<status status="PASS" starttime="20200823 19:30:57.959" endtime="20200823 19:30:57.976"></status>
</kw>
<kw name="Create List" library="BuiltIn">
<doc>Returns a list containing given items.</doc>
<assign>
<var>${value_list}</var>
</assign>
<msg timestamp="20200823 19:30:57.976" level="INFO">${value_list} = []</msg>
<status status="PASS" starttime="20200823 19:30:57.976" endtime="20200823 19:30:57.976"></status>
</kw>
<kw name="${i} IN RANGE [ 0 | ${element_count} ]" type="for">
<kw name="${i} = 0" type="foritem">
<kw name="Get From List" library="Collections">
<doc>Returns the value specified with an ``index`` from ``list``.</doc>
<arguments>
<arg>${element_list}</arg>
<arg>${i}</arg>
</arguments>
<assign>
<var>${current_element}</var>
</assign>
<msg timestamp="20200823 19:30:57.977" level="INFO">${current_element} = &lt;selenium.webdriver.remote.webelement.WebElement (session="dbaa0e6ae3840682ffaf197e1167d2c2", element="ce29b7cc-985a-4552-8692-e6801f5a7976")&gt;</msg>
<status status="PASS" starttime="20200823 19:30:57.977" endtime="20200823 19:30:57.977"></status>
</kw>
<kw name="Get Text" library="Selenium2Library">
<doc>Returns the text value of the element identified by ``locator``.</doc>
<arguments>
<arg>${current_element}</arg>
</arguments>
<assign>
<var>${text}</var>
</assign>
<msg timestamp="20200823 19:30:57.995" level="INFO">${text} = 17 989,-</msg>
<status status="PASS" starttime="20200823 19:30:57.978" endtime="20200823 19:30:57.995"></status>
</kw>
<kw name="Fetch From Left" library="String">
<doc>Returns contents of the ``string`` before the first occurrence of ``marker``.</doc>
<arguments>
<arg>${text}</arg>
<arg>,</arg>
</arguments>
<assign>
<var>${trimmed_text}</var>
</assign>
<msg timestamp="20200823 19:30:57.995" level="INFO">${trimmed_text} = 17 989</msg>
<status status="PASS" starttime="20200823 19:30:57.995" endtime="20200823 19:30:57.995"></status>
</kw>
<kw name="Convert To Integer" library="BuiltIn">
<doc>Converts the given item to an integer number.</doc>
<arguments>
<arg>${trimmed_text}</arg>
</arguments>
<assign>
<var>${value}</var>
</assign>
<msg timestamp="20200823 19:30:57.996" level="INFO">${value} = 17989</msg>
<status status="PASS" starttime="20200823 19:30:57.996" endtime="20200823 19:30:57.996"></status>
</kw>
<kw name="Append To List" library="Collections">
<doc>Adds ``values`` to the end of ``list``.</doc>
<arguments>
<arg>${value_list}</arg>
<arg>${value}</arg>
</arguments>
<status status="PASS" starttime="20200823 19:30:57.996" endtime="20200823 19:30:57.997"></status>
</kw>
<status status="PASS" starttime="20200823 19:30:57.977" endtime="20200823 19:30:57.997"></status>
</kw>
<kw name="${i} = 1" type="foritem">
<kw name="Get From List" library="Collections">
<doc>Returns the value specified with an ``index`` from ``list``.</doc>
<arguments>
<arg>${element_list}</arg>
<arg>${i}</arg>
</arguments>
<assign>
<var>${current_element}</var>
</assign>
<msg timestamp="20200823 19:30:57.998" level="INFO">${current_element} = &lt;selenium.webdriver.remote.webelement.WebElement (session="dbaa0e6ae3840682ffaf197e1167d2c2", element="2f440480-75be-41bc-abb7-18cecc4141f9")&gt;</msg>
<status status="PASS" starttime="20200823 19:30:57.997" endtime="20200823 19:30:57.998"></status>
</kw>
<kw name="Get Text" library="Selenium2Library">
<doc>Returns the text value of the element identified by ``locator``.</doc>
<arguments>
<arg>${current_element}</arg>
</arguments>
<assign>
<var>${text}</var>
</assign>
<msg timestamp="20200823 19:30:58.018" level="INFO">${text} = 39 990,-</msg>
<status status="PASS" starttime="20200823 19:30:57.998" endtime="20200823 19:30:58.018"></status>
</kw>
<kw name="Fetch From Left" library="String">
<doc>Returns contents of the ``string`` before the first occurrence of ``marker``.</doc>
<arguments>
<arg>${text}</arg>
<arg>,</arg>
</arguments>
<assign>
<var>${trimmed_text}</var>
</assign>
<msg timestamp="20200823 19:30:58.018" level="INFO">${trimmed_text} = 39 990</msg>
<status status="PASS" starttime="20200823 19:30:58.018" endtime="20200823 19:30:58.018"></status>
</kw>
<kw name="Convert To Integer" library="BuiltIn">
<doc>Converts the given item to an integer number.</doc>
<arguments>
<arg>${trimmed_text}</arg>
</arguments>
<assign>
<var>${value}</var>
</assign>
<msg timestamp="20200823 19:30:58.019" level="INFO">${value} = 39990</msg>
<status status="PASS" starttime="20200823 19:30:58.019" endtime="20200823 19:30:58.019"></status>
</kw>
<kw name="Append To List" library="Collections">
<doc>Adds ``values`` to the end of ``list``.</doc>
<arguments>
<arg>${value_list}</arg>
<arg>${value}</arg>
</arguments>
<status status="PASS" starttime="20200823 19:30:58.019" endtime="20200823 19:30:58.020"></status>
</kw>
<status status="PASS" starttime="20200823 19:30:57.997" endtime="20200823 19:30:58.020"></status>
</kw>
<kw name="${i} = 2" type="foritem">
<kw name="Get From List" library="Collections">
<doc>Returns the value specified with an ``index`` from ``list``.</doc>
<arguments>
<arg>${element_list}</arg>
<arg>${i}</arg>
</arguments>
<assign>
<var>${current_element}</var>
</assign>
<msg timestamp="20200823 19:30:58.021" level="INFO">${current_element} = &lt;selenium.webdriver.remote.webelement.WebElement (session="dbaa0e6ae3840682ffaf197e1167d2c2", element="e5ebe27a-836c-461c-8fbb-85472b84d116")&gt;</msg>
<status status="PASS" starttime="20200823 19:30:58.020" endtime="20200823 19:30:58.021"></status>
</kw>
<kw name="Get Text" library="Selenium2Library">
<doc>Returns the text value of the element identified by ``locator``.</doc>
<arguments>
<arg>${current_element}</arg>
</arguments>
<assign>
<var>${text}</var>
</assign>
<msg timestamp="20200823 19:30:58.036" level="INFO">${text} = 41 990,-</msg>
<status status="PASS" starttime="20200823 19:30:58.021" endtime="20200823 19:30:58.036"></status>
</kw>
<kw name="Fetch From Left" library="String">
<doc>Returns contents of the ``string`` before the first occurrence of ``marker``.</doc>
<arguments>
<arg>${text}</arg>
<arg>,</arg>
</arguments>
<assign>
<var>${trimmed_text}</var>
</assign>
<msg timestamp="20200823 19:30:58.037" level="INFO">${trimmed_text} = 41 990</msg>
<status status="PASS" starttime="20200823 19:30:58.036" endtime="20200823 19:30:58.037"></status>
</kw>
<kw name="Convert To Integer" library="BuiltIn">
<doc>Converts the given item to an integer number.</doc>
<arguments>
<arg>${trimmed_text}</arg>
</arguments>
<assign>
<var>${value}</var>
</assign>
<msg timestamp="20200823 19:30:58.037" level="INFO">${value} = 41990</msg>
<status status="PASS" starttime="20200823 19:30:58.037" endtime="20200823 19:30:58.037"></status>
</kw>
<kw name="Append To List" library="Collections">
<doc>Adds ``values`` to the end of ``list``.</doc>
<arguments>
<arg>${value_list}</arg>
<arg>${value}</arg>
</arguments>
<status status="PASS" starttime="20200823 19:30:58.037" endtime="20200823 19:30:58.038"></status>
</kw>
<status status="PASS" starttime="20200823 19:30:58.020" endtime="20200823 19:30:58.038"></status>
</kw>
<kw name="${i} = 3" type="foritem">
<kw name="Get From List" library="Collections">
<doc>Returns the value specified with an ``index`` from ``list``.</doc>
<arguments>
<arg>${element_list}</arg>
<arg>${i}</arg>
</arguments>
<assign>
<var>${current_element}</var>
</assign>
<msg timestamp="20200823 19:30:58.038" level="INFO">${current_element} = &lt;selenium.webdriver.remote.webelement.WebElement (session="dbaa0e6ae3840682ffaf197e1167d2c2", element="a5dd2d09-48bc-4c94-aa9f-36c95d42222d")&gt;</msg>
<status status="PASS" starttime="20200823 19:30:58.038" endtime="20200823 19:30:58.038"></status>
</kw>
<kw name="Get Text" library="Selenium2Library">
<doc>Returns the text value of the element identified by ``locator``.</doc>
<arguments>
<arg>${current_element}</arg>
</arguments>
<assign>
<var>${text}</var>
</assign>
<msg timestamp="20200823 19:30:58.052" level="INFO">${text} = 58 990,-</msg>
<status status="PASS" starttime="20200823 19:30:58.039" endtime="20200823 19:30:58.052"></status>
</kw>
<kw name="Fetch From Left" library="String">
<doc>Returns contents of the ``string`` before the first occurrence of ``marker``.</doc>
<arguments>
<arg>${text}</arg>
<arg>,</arg>
</arguments>
<assign>
<var>${trimmed_text}</var>
</assign>
<msg timestamp="20200823 19:30:58.052" level="INFO">${trimmed_text} = 58 990</msg>
<status status="PASS" starttime="20200823 19:30:58.052" endtime="20200823 19:30:58.052"></status>
</kw>
<kw name="Convert To Integer" library="BuiltIn">
<doc>Converts the given item to an integer number.</doc>
<arguments>
<arg>${trimmed_text}</arg>
</arguments>
<assign>
<var>${value}</var>
</assign>
<msg timestamp="20200823 19:30:58.053" level="INFO">${value} = 58990</msg>
<status status="PASS" starttime="20200823 19:30:58.052" endtime="20200823 19:30:58.053"></status>
</kw>
<kw name="Append To List" library="Collections">
<doc>Adds ``values`` to the end of ``list``.</doc>
<arguments>
<arg>${value_list}</arg>
<arg>${value}</arg>
</arguments>
<status status="PASS" starttime="20200823 19:30:58.053" endtime="20200823 19:30:58.053"></status>
</kw>
<status status="PASS" starttime="20200823 19:30:58.038" endtime="20200823 19:30:58.053"></status>
</kw>
<kw name="${i} = 4" type="foritem">
<kw name="Get From List" library="Collections">
<doc>Returns the value specified with an ``index`` from ``list``.</doc>
<arguments>
<arg>${element_list}</arg>
<arg>${i}</arg>
</arguments>
<assign>
<var>${current_element}</var>
</assign>
<msg timestamp="20200823 19:30:58.054" level="INFO">${current_element} = &lt;selenium.webdriver.remote.webelement.WebElement (session="dbaa0e6ae3840682ffaf197e1167d2c2", element="8a5f0121-0c15-43b9-963e-5906818b71c1")&gt;</msg>
<status status="PASS" starttime="20200823 19:30:58.054" endtime="20200823 19:30:58.054"></status>
</kw>
<kw name="Get Text" library="Selenium2Library">
<doc>Returns the text value of the element identified by ``locator``.</doc>
<arguments>
<arg>${current_element}</arg>
</arguments>
<assign>
<var>${text}</var>
</assign>
<msg timestamp="20200823 19:30:58.069" level="INFO">${text} = 11 990,-</msg>
<status status="PASS" starttime="20200823 19:30:58.054" endtime="20200823 19:30:58.069"></status>
</kw>
<kw name="Fetch From Left" library="String">
<doc>Returns contents of the ``string`` before the first occurrence of ``marker``.</doc>
<arguments>
<arg>${text}</arg>
<arg>,</arg>
</arguments>
<assign>
<var>${trimmed_text}</var>
</assign>
<msg timestamp="20200823 19:30:58.070" level="INFO">${trimmed_text} = 11 990</msg>
<status status="PASS" starttime="20200823 19:30:58.069" endtime="20200823 19:30:58.071"></status>
</kw>
<kw name="Convert To Integer" library="BuiltIn">
<doc>Converts the given item to an integer number.</doc>
<arguments>
<arg>${trimmed_text}</arg>
</arguments>
<assign>
<var>${value}</var>
</assign>
<msg timestamp="20200823 19:30:58.072" level="INFO">${value} = 11990</msg>
<status status="PASS" starttime="20200823 19:30:58.071" endtime="20200823 19:30:58.072"></status>
</kw>
<kw name="Append To List" library="Collections">
<doc>Adds ``values`` to the end of ``list``.</doc>
<arguments>
<arg>${value_list}</arg>
<arg>${value}</arg>
</arguments>
<status status="PASS" starttime="20200823 19:30:58.072" endtime="20200823 19:30:58.073"></status>
</kw>
<status status="PASS" starttime="20200823 19:30:58.054" endtime="20200823 19:30:58.073"></status>
</kw>
<kw name="${i} = 5" type="foritem">
<kw name="Get From List" library="Collections">
<doc>Returns the value specified with an ``index`` from ``list``.</doc>
<arguments>
<arg>${element_list}</arg>
<arg>${i}</arg>
</arguments>
<assign>
<var>${current_element}</var>
</assign>
<msg timestamp="20200823 19:30:58.074" level="INFO">${current_element} = &lt;selenium.webdriver.remote.webelement.WebElement (session="dbaa0e6ae3840682ffaf197e1167d2c2", element="7bb0674d-141e-45c7-b87d-ab534a4d8e9a")&gt;</msg>
<status status="PASS" starttime="20200823 19:30:58.074" endtime="20200823 19:30:58.074"></status>
</kw>
<kw name="Get Text" library="Selenium2Library">
<doc>Returns the text value of the element identified by ``locator``.</doc>
<arguments>
<arg>${current_element}</arg>
</arguments>
<assign>
<var>${text}</var>
</assign>
<msg timestamp="20200823 19:30:58.114" level="INFO">${text} = 28 989,-</msg>
<status status="PASS" starttime="20200823 19:30:58.074" endtime="20200823 19:30:58.114"></status>
</kw>
<kw name="Fetch From Left" library="String">
<doc>Returns contents of the ``string`` before the first occurrence of ``marker``.</doc>
<arguments>
<arg>${text}</arg>
<arg>,</arg>
</arguments>
<assign>
<var>${trimmed_text}</var>
</assign>
<msg timestamp="20200823 19:30:58.115" level="INFO">${trimmed_text} = 28 989</msg>
<status status="PASS" starttime="20200823 19:30:58.114" endtime="20200823 19:30:58.115"></status>
</kw>
<kw name="Convert To Integer" library="BuiltIn">
<doc>Converts the given item to an integer number.</doc>
<arguments>
<arg>${trimmed_text}</arg>
</arguments>
<assign>
<var>${value}</var>
</assign>
<msg timestamp="20200823 19:30:58.116" level="INFO">${value} = 28989</msg>
<status status="PASS" starttime="20200823 19:30:58.115" endtime="20200823 19:30:58.116"></status>
</kw>
<kw name="Append To List" library="Collections">
<doc>Adds ``values`` to the end of ``list``.</doc>
<arguments>
<arg>${value_list}</arg>
<arg>${value}</arg>
</arguments>
<status status="PASS" starttime="20200823 19:30:58.117" endtime="20200823 19:30:58.117"></status>
</kw>
<status status="PASS" starttime="20200823 19:30:58.073" endtime="20200823 19:30:58.117"></status>
</kw>
<kw name="${i} = 6" type="foritem">
<kw name="Get From List" library="Collections">
<doc>Returns the value specified with an ``index`` from ``list``.</doc>
<arguments>
<arg>${element_list}</arg>
<arg>${i}</arg>
</arguments>
<assign>
<var>${current_element}</var>
</assign>
<msg timestamp="20200823 19:30:58.119" level="INFO">${current_element} = &lt;selenium.webdriver.remote.webelement.WebElement (session="dbaa0e6ae3840682ffaf197e1167d2c2", element="2340938d-5bfe-4cea-86e4-f2a41ae48833")&gt;</msg>
<status status="PASS" starttime="20200823 19:30:58.118" endtime="20200823 19:30:58.119"></status>
</kw>
<kw name="Get Text" library="Selenium2Library">
<doc>Returns the text value of the element identified by ``locator``.</doc>
<arguments>
<arg>${current_element}</arg>
</arguments>
<assign>
<var>${text}</var>
</assign>
<msg timestamp="20200823 19:30:58.137" level="INFO">${text} = 9 490,-</msg>
<status status="PASS" starttime="20200823 19:30:58.119" endtime="20200823 19:30:58.138"></status>
</kw>
<kw name="Fetch From Left" library="String">
<doc>Returns contents of the ``string`` before the first occurrence of ``marker``.</doc>
<arguments>
<arg>${text}</arg>
<arg>,</arg>
</arguments>
<assign>
<var>${trimmed_text}</var>
</assign>
<msg timestamp="20200823 19:30:58.138" level="INFO">${trimmed_text} = 9 490</msg>
<status status="PASS" starttime="20200823 19:30:58.138" endtime="20200823 19:30:58.139"></status>
</kw>
<kw name="Convert To Integer" library="BuiltIn">
<doc>Converts the given item to an integer number.</doc>
<arguments>
<arg>${trimmed_text}</arg>
</arguments>
<assign>
<var>${value}</var>
</assign>
<msg timestamp="20200823 19:30:58.140" level="INFO">${value} = 9490</msg>
<status status="PASS" starttime="20200823 19:30:58.139" endtime="20200823 19:30:58.140"></status>
</kw>
<kw name="Append To List" library="Collections">
<doc>Adds ``values`` to the end of ``list``.</doc>
<arguments>
<arg>${value_list}</arg>
<arg>${value}</arg>
</arguments>
<status status="PASS" starttime="20200823 19:30:58.141" endtime="20200823 19:30:58.141"></status>
</kw>
<status status="PASS" starttime="20200823 19:30:58.117" endtime="20200823 19:30:58.141"></status>
</kw>
<kw name="${i} = 7" type="foritem">
<kw name="Get From List" library="Collections">
<doc>Returns the value specified with an ``index`` from ``list``.</doc>
<arguments>
<arg>${element_list}</arg>
<arg>${i}</arg>
</arguments>
<assign>
<var>${current_element}</var>
</assign>
<msg timestamp="20200823 19:30:58.142" level="INFO">${current_element} = &lt;selenium.webdriver.remote.webelement.WebElement (session="dbaa0e6ae3840682ffaf197e1167d2c2", element="4ffbf3c7-a33d-479c-9b1c-c19e19715509")&gt;</msg>
<status status="PASS" starttime="20200823 19:30:58.142" endtime="20200823 19:30:58.142"></status>
</kw>
<kw name="Get Text" library="Selenium2Library">
<doc>Returns the text value of the element identified by ``locator``.</doc>
<arguments>
<arg>${current_element}</arg>
</arguments>
<assign>
<var>${text}</var>
</assign>
<msg timestamp="20200823 19:30:58.179" level="INFO">${text} = 31 989,-</msg>
<status status="PASS" starttime="20200823 19:30:58.142" endtime="20200823 19:30:58.179"></status>
</kw>
<kw name="Fetch From Left" library="String">
<doc>Returns contents of the ``string`` before the first occurrence of ``marker``.</doc>
<arguments>
<arg>${text}</arg>
<arg>,</arg>
</arguments>
<assign>
<var>${trimmed_text}</var>
</assign>
<msg timestamp="20200823 19:30:58.180" level="INFO">${trimmed_text} = 31 989</msg>
<status status="PASS" starttime="20200823 19:30:58.179" endtime="20200823 19:30:58.180"></status>
</kw>
<kw name="Convert To Integer" library="BuiltIn">
<doc>Converts the given item to an integer number.</doc>
<arguments>
<arg>${trimmed_text}</arg>
</arguments>
<assign>
<var>${value}</var>
</assign>
<msg timestamp="20200823 19:30:58.181" level="INFO">${value} = 31989</msg>
<status status="PASS" starttime="20200823 19:30:58.180" endtime="20200823 19:30:58.182"></status>
</kw>
<kw name="Append To List" library="Collections">
<doc>Adds ``values`` to the end of ``list``.</doc>
<arguments>
<arg>${value_list}</arg>
<arg>${value}</arg>
</arguments>
<status status="PASS" starttime="20200823 19:30:58.182" endtime="20200823 19:30:58.183"></status>
</kw>
<status status="PASS" starttime="20200823 19:30:58.141" endtime="20200823 19:30:58.183"></status>
</kw>
<kw name="${i} = 8" type="foritem">
<kw name="Get From List" library="Collections">
<doc>Returns the value specified with an ``index`` from ``list``.</doc>
<arguments>
<arg>${element_list}</arg>
<arg>${i}</arg>
</arguments>
<assign>
<var>${current_element}</var>
</assign>
<msg timestamp="20200823 19:30:58.185" level="INFO">${current_element} = &lt;selenium.webdriver.remote.webelement.WebElement (session="dbaa0e6ae3840682ffaf197e1167d2c2", element="dd34c1bc-ebc4-4aa0-b209-5f52cade1142")&gt;</msg>
<status status="PASS" starttime="20200823 19:30:58.184" endtime="20200823 19:30:58.185"></status>
</kw>
<kw name="Get Text" library="Selenium2Library">
<doc>Returns the text value of the element identified by ``locator``.</doc>
<arguments>
<arg>${current_element}</arg>
</arguments>
<assign>
<var>${text}</var>
</assign>
<msg timestamp="20200823 19:30:58.207" level="INFO">${text} = 36 989,-</msg>
<status status="PASS" starttime="20200823 19:30:58.185" endtime="20200823 19:30:58.207"></status>
</kw>
<kw name="Fetch From Left" library="String">
<doc>Returns contents of the ``string`` before the first occurrence of ``marker``.</doc>
<arguments>
<arg>${text}</arg>
<arg>,</arg>
</arguments>
<assign>
<var>${trimmed_text}</var>
</assign>
<msg timestamp="20200823 19:30:58.208" level="INFO">${trimmed_text} = 36 989</msg>
<status status="PASS" starttime="20200823 19:30:58.207" endtime="20200823 19:30:58.208"></status>
</kw>
<kw name="Convert To Integer" library="BuiltIn">
<doc>Converts the given item to an integer number.</doc>
<arguments>
<arg>${trimmed_text}</arg>
</arguments>
<assign>
<var>${value}</var>
</assign>
<msg timestamp="20200823 19:30:58.208" level="INFO">${value} = 36989</msg>
<status status="PASS" starttime="20200823 19:30:58.208" endtime="20200823 19:30:58.208"></status>
</kw>
<kw name="Append To List" library="Collections">
<doc>Adds ``values`` to the end of ``list``.</doc>
<arguments>
<arg>${value_list}</arg>
<arg>${value}</arg>
</arguments>
<status status="PASS" starttime="20200823 19:30:58.209" endtime="20200823 19:30:58.209"></status>
</kw>
<status status="PASS" starttime="20200823 19:30:58.183" endtime="20200823 19:30:58.209"></status>
</kw>
<kw name="${i} = 9" type="foritem">
<kw name="Get From List" library="Collections">
<doc>Returns the value specified with an ``index`` from ``list``.</doc>
<arguments>
<arg>${element_list}</arg>
<arg>${i}</arg>
</arguments>
<assign>
<var>${current_element}</var>
</assign>
<msg timestamp="20200823 19:30:58.210" level="INFO">${current_element} = &lt;selenium.webdriver.remote.webelement.WebElement (session="dbaa0e6ae3840682ffaf197e1167d2c2", element="a6450570-ca97-4320-89e2-53cde1af1674")&gt;</msg>
<status status="PASS" starttime="20200823 19:30:58.210" endtime="20200823 19:30:58.210"></status>
</kw>
<kw name="Get Text" library="Selenium2Library">
<doc>Returns the text value of the element identified by ``locator``.</doc>
<arguments>
<arg>${current_element}</arg>
</arguments>
<assign>
<var>${text}</var>
</assign>
<msg timestamp="20200823 19:30:58.227" level="INFO">${text} = 34 989,-</msg>
<status status="PASS" starttime="20200823 19:30:58.210" endtime="20200823 19:30:58.227"></status>
</kw>
<kw name="Fetch From Left" library="String">
<doc>Returns contents of the ``string`` before the first occurrence of ``marker``.</doc>
<arguments>
<arg>${text}</arg>
<arg>,</arg>
</arguments>
<assign>
<var>${trimmed_text}</var>
</assign>
<msg timestamp="20200823 19:30:58.228" level="INFO">${trimmed_text} = 34 989</msg>
<status status="PASS" starttime="20200823 19:30:58.227" endtime="20200823 19:30:58.228"></status>
</kw>
<kw name="Convert To Integer" library="BuiltIn">
<doc>Converts the given item to an integer number.</doc>
<arguments>
<arg>${trimmed_text}</arg>
</arguments>
<assign>
<var>${value}</var>
</assign>
<msg timestamp="20200823 19:30:58.228" level="INFO">${value} = 34989</msg>
<status status="PASS" starttime="20200823 19:30:58.228" endtime="20200823 19:30:58.228"></status>
</kw>
<kw name="Append To List" library="Collections">
<doc>Adds ``values`` to the end of ``list``.</doc>
<arguments>
<arg>${value_list}</arg>
<arg>${value}</arg>
</arguments>
<status status="PASS" starttime="20200823 19:30:58.229" endtime="20200823 19:30:58.229"></status>
</kw>
<status status="PASS" starttime="20200823 19:30:58.209" endtime="20200823 19:30:58.229"></status>
</kw>
<kw name="${i} = 10" type="foritem">
<kw name="Get From List" library="Collections">
<doc>Returns the value specified with an ``index`` from ``list``.</doc>
<arguments>
<arg>${element_list}</arg>
<arg>${i}</arg>
</arguments>
<assign>
<var>${current_element}</var>
</assign>
<msg timestamp="20200823 19:30:58.231" level="INFO">${current_element} = &lt;selenium.webdriver.remote.webelement.WebElement (session="dbaa0e6ae3840682ffaf197e1167d2c2", element="8b731e26-2454-47ac-a559-17324652520a")&gt;</msg>
<status status="PASS" starttime="20200823 19:30:58.230" endtime="20200823 19:30:58.231"></status>
</kw>
<kw name="Get Text" library="Selenium2Library">
<doc>Returns the text value of the element identified by ``locator``.</doc>
<arguments>
<arg>${current_element}</arg>
</arguments>
<assign>
<var>${text}</var>
</assign>
<msg timestamp="20200823 19:30:58.247" level="INFO">${text} = 7 399,-</msg>
<status status="PASS" starttime="20200823 19:30:58.231" endtime="20200823 19:30:58.247"></status>
</kw>
<kw name="Fetch From Left" library="String">
<doc>Returns contents of the ``string`` before the first occurrence of ``marker``.</doc>
<arguments>
<arg>${text}</arg>
<arg>,</arg>
</arguments>
<assign>
<var>${trimmed_text}</var>
</assign>
<msg timestamp="20200823 19:30:58.248" level="INFO">${trimmed_text} = 7 399</msg>
<status status="PASS" starttime="20200823 19:30:58.248" endtime="20200823 19:30:58.248"></status>
</kw>
<kw name="Convert To Integer" library="BuiltIn">
<doc>Converts the given item to an integer number.</doc>
<arguments>
<arg>${trimmed_text}</arg>
</arguments>
<assign>
<var>${value}</var>
</assign>
<msg timestamp="20200823 19:30:58.249" level="INFO">${value} = 7399</msg>
<status status="PASS" starttime="20200823 19:30:58.249" endtime="20200823 19:30:58.249"></status>
</kw>
<kw name="Append To List" library="Collections">
<doc>Adds ``values`` to the end of ``list``.</doc>
<arguments>
<arg>${value_list}</arg>
<arg>${value}</arg>
</arguments>
<status status="PASS" starttime="20200823 19:30:58.250" endtime="20200823 19:30:58.250"></status>
</kw>
<status status="PASS" starttime="20200823 19:30:58.230" endtime="20200823 19:30:58.250"></status>
</kw>
<kw name="${i} = 11" type="foritem">
<kw name="Get From List" library="Collections">
<doc>Returns the value specified with an ``index`` from ``list``.</doc>
<arguments>
<arg>${element_list}</arg>
<arg>${i}</arg>
</arguments>
<assign>
<var>${current_element}</var>
</assign>
<msg timestamp="20200823 19:30:58.252" level="INFO">${current_element} = &lt;selenium.webdriver.remote.webelement.WebElement (session="dbaa0e6ae3840682ffaf197e1167d2c2", element="9f441c3d-0421-47bf-a3bf-43287e84854d")&gt;</msg>
<status status="PASS" starttime="20200823 19:30:58.251" endtime="20200823 19:30:58.252"></status>
</kw>
<kw name="Get Text" library="Selenium2Library">
<doc>Returns the text value of the element identified by ``locator``.</doc>
<arguments>
<arg>${current_element}</arg>
</arguments>
<assign>
<var>${text}</var>
</assign>
<msg timestamp="20200823 19:30:58.266" level="INFO">${text} = 18 990,-</msg>
<status status="PASS" starttime="20200823 19:30:58.252" endtime="20200823 19:30:58.266"></status>
</kw>
<kw name="Fetch From Left" library="String">
<doc>Returns contents of the ``string`` before the first occurrence of ``marker``.</doc>
<arguments>
<arg>${text}</arg>
<arg>,</arg>
</arguments>
<assign>
<var>${trimmed_text}</var>
</assign>
<msg timestamp="20200823 19:30:58.267" level="INFO">${trimmed_text} = 18 990</msg>
<status status="PASS" starttime="20200823 19:30:58.266" endtime="20200823 19:30:58.267"></status>
</kw>
<kw name="Convert To Integer" library="BuiltIn">
<doc>Converts the given item to an integer number.</doc>
<arguments>
<arg>${trimmed_text}</arg>
</arguments>
<assign>
<var>${value}</var>
</assign>
<msg timestamp="20200823 19:30:58.267" level="INFO">${value} = 18990</msg>
<status status="PASS" starttime="20200823 19:30:58.267" endtime="20200823 19:30:58.268"></status>
</kw>
<kw name="Append To List" library="Collections">
<doc>Adds ``values`` to the end of ``list``.</doc>
<arguments>
<arg>${value_list}</arg>
<arg>${value}</arg>
</arguments>
<status status="PASS" starttime="20200823 19:30:58.268" endtime="20200823 19:30:58.268"></status>
</kw>
<status status="PASS" starttime="20200823 19:30:58.251" endtime="20200823 19:30:58.268"></status>
</kw>
<kw name="${i} = 12" type="foritem">
<kw name="Get From List" library="Collections">
<doc>Returns the value specified with an ``index`` from ``list``.</doc>
<arguments>
<arg>${element_list}</arg>
<arg>${i}</arg>
</arguments>
<assign>
<var>${current_element}</var>
</assign>
<msg timestamp="20200823 19:30:58.269" level="INFO">${current_element} = &lt;selenium.webdriver.remote.webelement.WebElement (session="dbaa0e6ae3840682ffaf197e1167d2c2", element="33f7b63f-6176-4b11-8377-c39794f46448")&gt;</msg>
<status status="PASS" starttime="20200823 19:30:58.269" endtime="20200823 19:30:58.269"></status>
</kw>
<kw name="Get Text" library="Selenium2Library">
<doc>Returns the text value of the element identified by ``locator``.</doc>
<arguments>
<arg>${current_element}</arg>
</arguments>
<assign>
<var>${text}</var>
</assign>
<msg timestamp="20200823 19:30:58.285" level="INFO">${text} = 19 990,-</msg>
<status status="PASS" starttime="20200823 19:30:58.269" endtime="20200823 19:30:58.285"></status>
</kw>
<kw name="Fetch From Left" library="String">
<doc>Returns contents of the ``string`` before the first occurrence of ``marker``.</doc>
<arguments>
<arg>${text}</arg>
<arg>,</arg>
</arguments>
<assign>
<var>${trimmed_text}</var>
</assign>
<msg timestamp="20200823 19:30:58.286" level="INFO">${trimmed_text} = 19 990</msg>
<status status="PASS" starttime="20200823 19:30:58.285" endtime="20200823 19:30:58.286"></status>
</kw>
<kw name="Convert To Integer" library="BuiltIn">
<doc>Converts the given item to an integer number.</doc>
<arguments>
<arg>${trimmed_text}</arg>
</arguments>
<assign>
<var>${value}</var>
</assign>
<msg timestamp="20200823 19:30:58.287" level="INFO">${value} = 19990</msg>
<status status="PASS" starttime="20200823 19:30:58.286" endtime="20200823 19:30:58.287"></status>
</kw>
<kw name="Append To List" library="Collections">
<doc>Adds ``values`` to the end of ``list``.</doc>
<arguments>
<arg>${value_list}</arg>
<arg>${value}</arg>
</arguments>
<status status="PASS" starttime="20200823 19:30:58.287" endtime="20200823 19:30:58.287"></status>
</kw>
<status status="PASS" starttime="20200823 19:30:58.268" endtime="20200823 19:30:58.287"></status>
</kw>
<kw name="${i} = 13" type="foritem">
<kw name="Get From List" library="Collections">
<doc>Returns the value specified with an ``index`` from ``list``.</doc>
<arguments>
<arg>${element_list}</arg>
<arg>${i}</arg>
</arguments>
<assign>
<var>${current_element}</var>
</assign>
<msg timestamp="20200823 19:30:58.288" level="INFO">${current_element} = &lt;selenium.webdriver.remote.webelement.WebElement (session="dbaa0e6ae3840682ffaf197e1167d2c2", element="3fc472e2-2777-413a-8318-cd1ddc27e4b3")&gt;</msg>
<status status="PASS" starttime="20200823 19:30:58.288" endtime="20200823 19:30:58.288"></status>
</kw>
<kw name="Get Text" library="Selenium2Library">
<doc>Returns the text value of the element identified by ``locator``.</doc>
<arguments>
<arg>${current_element}</arg>
</arguments>
<assign>
<var>${text}</var>
</assign>
<msg timestamp="20200823 19:30:58.306" level="INFO">${text} = 12 489,-</msg>
<status status="PASS" starttime="20200823 19:30:58.288" endtime="20200823 19:30:58.306"></status>
</kw>
<kw name="Fetch From Left" library="String">
<doc>Returns contents of the ``string`` before the first occurrence of ``marker``.</doc>
<arguments>
<arg>${text}</arg>
<arg>,</arg>
</arguments>
<assign>
<var>${trimmed_text}</var>
</assign>
<msg timestamp="20200823 19:30:58.307" level="INFO">${trimmed_text} = 12 489</msg>
<status status="PASS" starttime="20200823 19:30:58.307" endtime="20200823 19:30:58.307"></status>
</kw>
<kw name="Convert To Integer" library="BuiltIn">
<doc>Converts the given item to an integer number.</doc>
<arguments>
<arg>${trimmed_text}</arg>
</arguments>
<assign>
<var>${value}</var>
</assign>
<msg timestamp="20200823 19:30:58.308" level="INFO">${value} = 12489</msg>
<status status="PASS" starttime="20200823 19:30:58.308" endtime="20200823 19:30:58.308"></status>
</kw>
<kw name="Append To List" library="Collections">
<doc>Adds ``values`` to the end of ``list``.</doc>
<arguments>
<arg>${value_list}</arg>
<arg>${value}</arg>
</arguments>
<status status="PASS" starttime="20200823 19:30:58.308" endtime="20200823 19:30:58.309"></status>
</kw>
<status status="PASS" starttime="20200823 19:30:58.288" endtime="20200823 19:30:58.309"></status>
</kw>
<kw name="${i} = 14" type="foritem">
<kw name="Get From List" library="Collections">
<doc>Returns the value specified with an ``index`` from ``list``.</doc>
<arguments>
<arg>${element_list}</arg>
<arg>${i}</arg>
</arguments>
<assign>
<var>${current_element}</var>
</assign>
<msg timestamp="20200823 19:30:58.310" level="INFO">${current_element} = &lt;selenium.webdriver.remote.webelement.WebElement (session="dbaa0e6ae3840682ffaf197e1167d2c2", element="23ed6ad1-0b74-478b-a573-03b0df5ea158")&gt;</msg>
<status status="PASS" starttime="20200823 19:30:58.309" endtime="20200823 19:30:58.310"></status>
</kw>
<kw name="Get Text" library="Selenium2Library">
<doc>Returns the text value of the element identified by ``locator``.</doc>
<arguments>
<arg>${current_element}</arg>
</arguments>
<assign>
<var>${text}</var>
</assign>
<msg timestamp="20200823 19:30:58.320" level="INFO">${text} = 29 990,-</msg>
<status status="PASS" starttime="20200823 19:30:58.310" endtime="20200823 19:30:58.321"></status>
</kw>
<kw name="Fetch From Left" library="String">
<doc>Returns contents of the ``string`` before the first occurrence of ``marker``.</doc>
<arguments>
<arg>${text}</arg>
<arg>,</arg>
</arguments>
<assign>
<var>${trimmed_text}</var>
</assign>
<msg timestamp="20200823 19:30:58.321" level="INFO">${trimmed_text} = 29 990</msg>
<status status="PASS" starttime="20200823 19:30:58.321" endtime="20200823 19:30:58.321"></status>
</kw>
<kw name="Convert To Integer" library="BuiltIn">
<doc>Converts the given item to an integer number.</doc>
<arguments>
<arg>${trimmed_text}</arg>
</arguments>
<assign>
<var>${value}</var>
</assign>
<msg timestamp="20200823 19:30:58.322" level="INFO">${value} = 29990</msg>
<status status="PASS" starttime="20200823 19:30:58.321" endtime="20200823 19:30:58.322"></status>
</kw>
<kw name="Append To List" library="Collections">
<doc>Adds ``values`` to the end of ``list``.</doc>
<arguments>
<arg>${value_list}</arg>
<arg>${value}</arg>
</arguments>
<status status="PASS" starttime="20200823 19:30:58.322" endtime="20200823 19:30:58.322"></status>
</kw>
<status status="PASS" starttime="20200823 19:30:58.309" endtime="20200823 19:30:58.323"></status>
</kw>
<kw name="${i} = 15" type="foritem">
<kw name="Get From List" library="Collections">
<doc>Returns the value specified with an ``index`` from ``list``.</doc>
<arguments>
<arg>${element_list}</arg>
<arg>${i}</arg>
</arguments>
<assign>
<var>${current_element}</var>
</assign>
<msg timestamp="20200823 19:30:58.323" level="INFO">${current_element} = &lt;selenium.webdriver.remote.webelement.WebElement (session="dbaa0e6ae3840682ffaf197e1167d2c2", element="bd00e716-9a47-43b3-8a0e-0c97b37ce07e")&gt;</msg>
<status status="PASS" starttime="20200823 19:30:58.323" endtime="20200823 19:30:58.324"></status>
</kw>
<kw name="Get Text" library="Selenium2Library">
<doc>Returns the text value of the element identified by ``locator``.</doc>
<arguments>
<arg>${current_element}</arg>
</arguments>
<assign>
<var>${text}</var>
</assign>
<msg timestamp="20200823 19:30:58.340" level="INFO">${text} = 18 990,-</msg>
<status status="PASS" starttime="20200823 19:30:58.324" endtime="20200823 19:30:58.341"></status>
</kw>
<kw name="Fetch From Left" library="String">
<doc>Returns contents of the ``string`` before the first occurrence of ``marker``.</doc>
<arguments>
<arg>${text}</arg>
<arg>,</arg>
</arguments>
<assign>
<var>${trimmed_text}</var>
</assign>
<msg timestamp="20200823 19:30:58.341" level="INFO">${trimmed_text} = 18 990</msg>
<status status="PASS" starttime="20200823 19:30:58.341" endtime="20200823 19:30:58.341"></status>
</kw>
<kw name="Convert To Integer" library="BuiltIn">
<doc>Converts the given item to an integer number.</doc>
<arguments>
<arg>${trimmed_text}</arg>
</arguments>
<assign>
<var>${value}</var>
</assign>
<msg timestamp="20200823 19:30:58.342" level="INFO">${value} = 18990</msg>
<status status="PASS" starttime="20200823 19:30:58.341" endtime="20200823 19:30:58.342"></status>
</kw>
<kw name="Append To List" library="Collections">
<doc>Adds ``values`` to the end of ``list``.</doc>
<arguments>
<arg>${value_list}</arg>
<arg>${value}</arg>
</arguments>
<status status="PASS" starttime="20200823 19:30:58.342" endtime="20200823 19:30:58.342"></status>
</kw>
<status status="PASS" starttime="20200823 19:30:58.323" endtime="20200823 19:30:58.342"></status>
</kw>
<kw name="${i} = 16" type="foritem">
<kw name="Get From List" library="Collections">
<doc>Returns the value specified with an ``index`` from ``list``.</doc>
<arguments>
<arg>${element_list}</arg>
<arg>${i}</arg>
</arguments>
<assign>
<var>${current_element}</var>
</assign>
<msg timestamp="20200823 19:30:58.343" level="INFO">${current_element} = &lt;selenium.webdriver.remote.webelement.WebElement (session="dbaa0e6ae3840682ffaf197e1167d2c2", element="96a2e0fc-2e0d-42ca-b565-b862c0bc9161")&gt;</msg>
<status status="PASS" starttime="20200823 19:30:58.343" endtime="20200823 19:30:58.343"></status>
</kw>
<kw name="Get Text" library="Selenium2Library">
<doc>Returns the text value of the element identified by ``locator``.</doc>
<arguments>
<arg>${current_element}</arg>
</arguments>
<assign>
<var>${text}</var>
</assign>
<msg timestamp="20200823 19:30:58.358" level="INFO">${text} = 31 990,-</msg>
<status status="PASS" starttime="20200823 19:30:58.343" endtime="20200823 19:30:58.359"></status>
</kw>
<kw name="Fetch From Left" library="String">
<doc>Returns contents of the ``string`` before the first occurrence of ``marker``.</doc>
<arguments>
<arg>${text}</arg>
<arg>,</arg>
</arguments>
<assign>
<var>${trimmed_text}</var>
</assign>
<msg timestamp="20200823 19:30:58.359" level="INFO">${trimmed_text} = 31 990</msg>
<status status="PASS" starttime="20200823 19:30:58.359" endtime="20200823 19:30:58.359"></status>
</kw>
<kw name="Convert To Integer" library="BuiltIn">
<doc>Converts the given item to an integer number.</doc>
<arguments>
<arg>${trimmed_text}</arg>
</arguments>
<assign>
<var>${value}</var>
</assign>
<msg timestamp="20200823 19:30:58.360" level="INFO">${value} = 31990</msg>
<status status="PASS" starttime="20200823 19:30:58.359" endtime="20200823 19:30:58.360"></status>
</kw>
<kw name="Append To List" library="Collections">
<doc>Adds ``values`` to the end of ``list``.</doc>
<arguments>
<arg>${value_list}</arg>
<arg>${value}</arg>
</arguments>
<status status="PASS" starttime="20200823 19:30:58.360" endtime="20200823 19:30:58.360"></status>
</kw>
<status status="PASS" starttime="20200823 19:30:58.342" endtime="20200823 19:30:58.361"></status>
</kw>
<kw name="${i} = 17" type="foritem">
<kw name="Get From List" library="Collections">
<doc>Returns the value specified with an ``index`` from ``list``.</doc>
<arguments>
<arg>${element_list}</arg>
<arg>${i}</arg>
</arguments>
<assign>
<var>${current_element}</var>
</assign>
<msg timestamp="20200823 19:30:58.362" level="INFO">${current_element} = &lt;selenium.webdriver.remote.webelement.WebElement (session="dbaa0e6ae3840682ffaf197e1167d2c2", element="ee878d31-10ce-49c3-ad27-549310c7733e")&gt;</msg>
<status status="PASS" starttime="20200823 19:30:58.361" endtime="20200823 19:30:58.362"></status>
</kw>
<kw name="Get Text" library="Selenium2Library">
<doc>Returns the text value of the element identified by ``locator``.</doc>
<arguments>
<arg>${current_element}</arg>
</arguments>
<assign>
<var>${text}</var>
</assign>
<msg timestamp="20200823 19:30:58.375" level="INFO">${text} = 14 990,-</msg>
<status status="PASS" starttime="20200823 19:30:58.362" endtime="20200823 19:30:58.375"></status>
</kw>
<kw name="Fetch From Left" library="String">
<doc>Returns contents of the ``string`` before the first occurrence of ``marker``.</doc>
<arguments>
<arg>${text}</arg>
<arg>,</arg>
</arguments>
<assign>
<var>${trimmed_text}</var>
</assign>
<msg timestamp="20200823 19:30:58.376" level="INFO">${trimmed_text} = 14 990</msg>
<status status="PASS" starttime="20200823 19:30:58.375" endtime="20200823 19:30:58.376"></status>
</kw>
<kw name="Convert To Integer" library="BuiltIn">
<doc>Converts the given item to an integer number.</doc>
<arguments>
<arg>${trimmed_text}</arg>
</arguments>
<assign>
<var>${value}</var>
</assign>
<msg timestamp="20200823 19:30:58.376" level="INFO">${value} = 14990</msg>
<status status="PASS" starttime="20200823 19:30:58.376" endtime="20200823 19:30:58.376"></status>
</kw>
<kw name="Append To List" library="Collections">
<doc>Adds ``values`` to the end of ``list``.</doc>
<arguments>
<arg>${value_list}</arg>
<arg>${value}</arg>
</arguments>
<status status="PASS" starttime="20200823 19:30:58.377" endtime="20200823 19:30:58.377"></status>
</kw>
<status status="PASS" starttime="20200823 19:30:58.361" endtime="20200823 19:30:58.377"></status>
</kw>
<kw name="${i} = 18" type="foritem">
<kw name="Get From List" library="Collections">
<doc>Returns the value specified with an ``index`` from ``list``.</doc>
<arguments>
<arg>${element_list}</arg>
<arg>${i}</arg>
</arguments>
<assign>
<var>${current_element}</var>
</assign>
<msg timestamp="20200823 19:30:58.378" level="INFO">${current_element} = &lt;selenium.webdriver.remote.webelement.WebElement (session="dbaa0e6ae3840682ffaf197e1167d2c2", element="ee91b7be-af01-4a2b-bca0-160972f3354e")&gt;</msg>
<status status="PASS" starttime="20200823 19:30:58.378" endtime="20200823 19:30:58.378"></status>
</kw>
<kw name="Get Text" library="Selenium2Library">
<doc>Returns the text value of the element identified by ``locator``.</doc>
<arguments>
<arg>${current_element}</arg>
</arguments>
<assign>
<var>${text}</var>
</assign>
<msg timestamp="20200823 19:30:58.395" level="INFO">${text} = 19 990,-</msg>
<status status="PASS" starttime="20200823 19:30:58.379" endtime="20200823 19:30:58.395"></status>
</kw>
<kw name="Fetch From Left" library="String">
<doc>Returns contents of the ``string`` before the first occurrence of ``marker``.</doc>
<arguments>
<arg>${text}</arg>
<arg>,</arg>
</arguments>
<assign>
<var>${trimmed_text}</var>
</assign>
<msg timestamp="20200823 19:30:58.396" level="INFO">${trimmed_text} = 19 990</msg>
<status status="PASS" starttime="20200823 19:30:58.395" endtime="20200823 19:30:58.396"></status>
</kw>
<kw name="Convert To Integer" library="BuiltIn">
<doc>Converts the given item to an integer number.</doc>
<arguments>
<arg>${trimmed_text}</arg>
</arguments>
<assign>
<var>${value}</var>
</assign>
<msg timestamp="20200823 19:30:58.397" level="INFO">${value} = 19990</msg>
<status status="PASS" starttime="20200823 19:30:58.396" endtime="20200823 19:30:58.397"></status>
</kw>
<kw name="Append To List" library="Collections">
<doc>Adds ``values`` to the end of ``list``.</doc>
<arguments>
<arg>${value_list}</arg>
<arg>${value}</arg>
</arguments>
<status status="PASS" starttime="20200823 19:30:58.397" endtime="20200823 19:30:58.398"></status>
</kw>
<status status="PASS" starttime="20200823 19:30:58.378" endtime="20200823 19:30:58.398"></status>
</kw>
<kw name="${i} = 19" type="foritem">
<kw name="Get From List" library="Collections">
<doc>Returns the value specified with an ``index`` from ``list``.</doc>
<arguments>
<arg>${element_list}</arg>
<arg>${i}</arg>
</arguments>
<assign>
<var>${current_element}</var>
</assign>
<msg timestamp="20200823 19:30:58.399" level="INFO">${current_element} = &lt;selenium.webdriver.remote.webelement.WebElement (session="dbaa0e6ae3840682ffaf197e1167d2c2", element="e5cb9a31-a415-4e6f-a505-97d256898106")&gt;</msg>
<status status="PASS" starttime="20200823 19:30:58.398" endtime="20200823 19:30:58.399"></status>
</kw>
<kw name="Get Text" library="Selenium2Library">
<doc>Returns the text value of the element identified by ``locator``.</doc>
<arguments>
<arg>${current_element}</arg>
</arguments>
<assign>
<var>${text}</var>
</assign>
<msg timestamp="20200823 19:30:58.414" level="INFO">${text} = 11 990,-</msg>
<status status="PASS" starttime="20200823 19:30:58.399" endtime="20200823 19:30:58.414"></status>
</kw>
<kw name="Fetch From Left" library="String">
<doc>Returns contents of the ``string`` before the first occurrence of ``marker``.</doc>
<arguments>
<arg>${text}</arg>
<arg>,</arg>
</arguments>
<assign>
<var>${trimmed_text}</var>
</assign>
<msg timestamp="20200823 19:30:58.414" level="INFO">${trimmed_text} = 11 990</msg>
<status status="PASS" starttime="20200823 19:30:58.414" endtime="20200823 19:30:58.414"></status>
</kw>
<kw name="Convert To Integer" library="BuiltIn">
<doc>Converts the given item to an integer number.</doc>
<arguments>
<arg>${trimmed_text}</arg>
</arguments>
<assign>
<var>${value}</var>
</assign>
<msg timestamp="20200823 19:30:58.415" level="INFO">${value} = 11990</msg>
<status status="PASS" starttime="20200823 19:30:58.414" endtime="20200823 19:30:58.415"></status>
</kw>
<kw name="Append To List" library="Collections">
<doc>Adds ``values`` to the end of ``list``.</doc>
<arguments>
<arg>${value_list}</arg>
<arg>${value}</arg>
</arguments>
<status status="PASS" starttime="20200823 19:30:58.415" endtime="20200823 19:30:58.415"></status>
</kw>
<status status="PASS" starttime="20200823 19:30:58.398" endtime="20200823 19:30:58.415"></status>
</kw>
<kw name="${i} = 20" type="foritem">
<kw name="Get From List" library="Collections">
<doc>Returns the value specified with an ``index`` from ``list``.</doc>
<arguments>
<arg>${element_list}</arg>
<arg>${i}</arg>
</arguments>
<assign>
<var>${current_element}</var>
</assign>
<msg timestamp="20200823 19:30:58.416" level="INFO">${current_element} = &lt;selenium.webdriver.remote.webelement.WebElement (session="dbaa0e6ae3840682ffaf197e1167d2c2", element="1741242a-f862-453e-bd7a-dc33bdd2078a")&gt;</msg>
<status status="PASS" starttime="20200823 19:30:58.416" endtime="20200823 19:30:58.416"></status>
</kw>
<kw name="Get Text" library="Selenium2Library">
<doc>Returns the text value of the element identified by ``locator``.</doc>
<arguments>
<arg>${current_element}</arg>
</arguments>
<assign>
<var>${text}</var>
</assign>
<msg timestamp="20200823 19:30:58.432" level="INFO">${text} = 23 990,-</msg>
<status status="PASS" starttime="20200823 19:30:58.416" endtime="20200823 19:30:58.432"></status>
</kw>
<kw name="Fetch From Left" library="String">
<doc>Returns contents of the ``string`` before the first occurrence of ``marker``.</doc>
<arguments>
<arg>${text}</arg>
<arg>,</arg>
</arguments>
<assign>
<var>${trimmed_text}</var>
</assign>
<msg timestamp="20200823 19:30:58.433" level="INFO">${trimmed_text} = 23 990</msg>
<status status="PASS" starttime="20200823 19:30:58.432" endtime="20200823 19:30:58.433"></status>
</kw>
<kw name="Convert To Integer" library="BuiltIn">
<doc>Converts the given item to an integer number.</doc>
<arguments>
<arg>${trimmed_text}</arg>
</arguments>
<assign>
<var>${value}</var>
</assign>
<msg timestamp="20200823 19:30:58.433" level="INFO">${value} = 23990</msg>
<status status="PASS" starttime="20200823 19:30:58.433" endtime="20200823 19:30:58.433"></status>
</kw>
<kw name="Append To List" library="Collections">
<doc>Adds ``values`` to the end of ``list``.</doc>
<arguments>
<arg>${value_list}</arg>
<arg>${value}</arg>
</arguments>
<status status="PASS" starttime="20200823 19:30:58.433" endtime="20200823 19:30:58.434"></status>
</kw>
<status status="PASS" starttime="20200823 19:30:58.416" endtime="20200823 19:30:58.434"></status>
</kw>
<kw name="${i} = 21" type="foritem">
<kw name="Get From List" library="Collections">
<doc>Returns the value specified with an ``index`` from ``list``.</doc>
<arguments>
<arg>${element_list}</arg>
<arg>${i}</arg>
</arguments>
<assign>
<var>${current_element}</var>
</assign>
<msg timestamp="20200823 19:30:58.435" level="INFO">${current_element} = &lt;selenium.webdriver.remote.webelement.WebElement (session="dbaa0e6ae3840682ffaf197e1167d2c2", element="e6a90c00-1c30-4939-a7fd-4485322dc9ab")&gt;</msg>
<status status="PASS" starttime="20200823 19:30:58.434" endtime="20200823 19:30:58.435"></status>
</kw>
<kw name="Get Text" library="Selenium2Library">
<doc>Returns the text value of the element identified by ``locator``.</doc>
<arguments>
<arg>${current_element}</arg>
</arguments>
<assign>
<var>${text}</var>
</assign>
<msg timestamp="20200823 19:30:58.639" level="INFO">${text} = 16 990,-</msg>
<status status="PASS" starttime="20200823 19:30:58.435" endtime="20200823 19:30:58.639"></status>
</kw>
<kw name="Fetch From Left" library="String">
<doc>Returns contents of the ``string`` before the first occurrence of ``marker``.</doc>
<arguments>
<arg>${text}</arg>
<arg>,</arg>
</arguments>
<assign>
<var>${trimmed_text}</var>
</assign>
<msg timestamp="20200823 19:30:58.640" level="INFO">${trimmed_text} = 16 990</msg>
<status status="PASS" starttime="20200823 19:30:58.640" endtime="20200823 19:30:58.640"></status>
</kw>
<kw name="Convert To Integer" library="BuiltIn">
<doc>Converts the given item to an integer number.</doc>
<arguments>
<arg>${trimmed_text}</arg>
</arguments>
<assign>
<var>${value}</var>
</assign>
<msg timestamp="20200823 19:30:58.641" level="INFO">${value} = 16990</msg>
<status status="PASS" starttime="20200823 19:30:58.640" endtime="20200823 19:30:58.641"></status>
</kw>
<kw name="Append To List" library="Collections">
<doc>Adds ``values`` to the end of ``list``.</doc>
<arguments>
<arg>${value_list}</arg>
<arg>${value}</arg>
</arguments>
<status status="PASS" starttime="20200823 19:30:58.641" endtime="20200823 19:30:58.642"></status>
</kw>
<status status="PASS" starttime="20200823 19:30:58.434" endtime="20200823 19:30:58.642"></status>
</kw>
<kw name="${i} = 22" type="foritem">
<kw name="Get From List" library="Collections">
<doc>Returns the value specified with an ``index`` from ``list``.</doc>
<arguments>
<arg>${element_list}</arg>
<arg>${i}</arg>
</arguments>
<assign>
<var>${current_element}</var>
</assign>
<msg timestamp="20200823 19:30:58.643" level="INFO">${current_element} = &lt;selenium.webdriver.remote.webelement.WebElement (session="dbaa0e6ae3840682ffaf197e1167d2c2", element="fbc48277-5c38-4e97-94d4-0f86268d61d5")&gt;</msg>
<status status="PASS" starttime="20200823 19:30:58.642" endtime="20200823 19:30:58.643"></status>
</kw>
<kw name="Get Text" library="Selenium2Library">
<doc>Returns the text value of the element identified by ``locator``.</doc>
<arguments>
<arg>${current_element}</arg>
</arguments>
<assign>
<var>${text}</var>
</assign>
<msg timestamp="20200823 19:30:58.712" level="INFO">${text} = 11 990,-</msg>
<status status="PASS" starttime="20200823 19:30:58.643" endtime="20200823 19:30:58.712"></status>
</kw>
<kw name="Fetch From Left" library="String">
<doc>Returns contents of the ``string`` before the first occurrence of ``marker``.</doc>
<arguments>
<arg>${text}</arg>
<arg>,</arg>
</arguments>
<assign>
<var>${trimmed_text}</var>
</assign>
<msg timestamp="20200823 19:30:58.713" level="INFO">${trimmed_text} = 11 990</msg>
<status status="PASS" starttime="20200823 19:30:58.713" endtime="20200823 19:30:58.713"></status>
</kw>
<kw name="Convert To Integer" library="BuiltIn">
<doc>Converts the given item to an integer number.</doc>
<arguments>
<arg>${trimmed_text}</arg>
</arguments>
<assign>
<var>${value}</var>
</assign>
<msg timestamp="20200823 19:30:58.713" level="INFO">${value} = 11990</msg>
<status status="PASS" starttime="20200823 19:30:58.713" endtime="20200823 19:30:58.713"></status>
</kw>
<kw name="Append To List" library="Collections">
<doc>Adds ``values`` to the end of ``list``.</doc>
<arguments>
<arg>${value_list}</arg>
<arg>${value}</arg>
</arguments>
<status status="PASS" starttime="20200823 19:30:58.713" endtime="20200823 19:30:58.713"></status>
</kw>
<status status="PASS" starttime="20200823 19:30:58.642" endtime="20200823 19:30:58.713"></status>
</kw>
<kw name="${i} = 23" type="foritem">
<kw name="Get From List" library="Collections">
<doc>Returns the value specified with an ``index`` from ``list``.</doc>
<arguments>
<arg>${element_list}</arg>
<arg>${i}</arg>
</arguments>
<assign>
<var>${current_element}</var>
</assign>
<msg timestamp="20200823 19:30:58.714" level="INFO">${current_element} = &lt;selenium.webdriver.remote.webelement.WebElement (session="dbaa0e6ae3840682ffaf197e1167d2c2", element="371b2a8d-5550-43a8-8723-a7244eac2876")&gt;</msg>
<status status="PASS" starttime="20200823 19:30:58.714" endtime="20200823 19:30:58.714"></status>
</kw>
<kw name="Get Text" library="Selenium2Library">
<doc>Returns the text value of the element identified by ``locator``.</doc>
<arguments>
<arg>${current_element}</arg>
</arguments>
<assign>
<var>${text}</var>
</assign>
<msg timestamp="20200823 19:30:58.800" level="INFO">${text} = 20 990,-</msg>
<status status="PASS" starttime="20200823 19:30:58.714" endtime="20200823 19:30:58.800"></status>
</kw>
<kw name="Fetch From Left" library="String">
<doc>Returns contents of the ``string`` before the first occurrence of ``marker``.</doc>
<arguments>
<arg>${text}</arg>
<arg>,</arg>
</arguments>
<assign>
<var>${trimmed_text}</var>
</assign>
<msg timestamp="20200823 19:30:58.801" level="INFO">${trimmed_text} = 20 990</msg>
<status status="PASS" starttime="20200823 19:30:58.800" endtime="20200823 19:30:58.801"></status>
</kw>
<kw name="Convert To Integer" library="BuiltIn">
<doc>Converts the given item to an integer number.</doc>
<arguments>
<arg>${trimmed_text}</arg>
</arguments>
<assign>
<var>${value}</var>
</assign>
<msg timestamp="20200823 19:30:58.801" level="INFO">${value} = 20990</msg>
<status status="PASS" starttime="20200823 19:30:58.801" endtime="20200823 19:30:58.801"></status>
</kw>
<kw name="Append To List" library="Collections">
<doc>Adds ``values`` to the end of ``list``.</doc>
<arguments>
<arg>${value_list}</arg>
<arg>${value}</arg>
</arguments>
<status status="PASS" starttime="20200823 19:30:58.802" endtime="20200823 19:30:58.802"></status>
</kw>
<status status="PASS" starttime="20200823 19:30:58.714" endtime="20200823 19:30:58.802"></status>
</kw>
<status status="PASS" starttime="20200823 19:30:57.977" endtime="20200823 19:30:58.803"></status>
</kw>
<kw name="Copy List" library="Collections">
<doc>Returns a copy of the given list.</doc>
<arguments>
<arg>${value_list}</arg>
</arguments>
<assign>
<var>${value_list_sort}</var>
</assign>
<msg timestamp="20200823 19:30:58.803" level="INFO">${value_list_sort} = [17989, 39990, 41990, 58990, 11990, 28989, 9490, 31989, 36989, 34989, 7399, 18990, 19990, 12489, 29990, 18990, 31990, 14990, 19990, 11990, 23990, 16990, 11990, 20990]</msg>
<status status="PASS" starttime="20200823 19:30:58.803" endtime="20200823 19:30:58.804"></status>
</kw>
<kw name="Sort List" library="Collections">
<doc>Sorts the given list in place.</doc>
<arguments>
<arg>${value_list_sort}</arg>
</arguments>
<status status="PASS" starttime="20200823 19:30:58.804" endtime="20200823 19:30:58.805"></status>
</kw>
<kw name="Evaluate" library="BuiltIn">
<doc>Evaluates the given expression in Python and returns the result.</doc>
<arguments>
<arg>${element_count} - ${n}</arg>
</arguments>
<assign>
<var>${max_index}</var>
</assign>
<msg timestamp="20200823 19:30:58.806" level="INFO">${max_index} = 23</msg>
<status status="PASS" starttime="20200823 19:30:58.805" endtime="20200823 19:30:58.806"></status>
</kw>
<kw name="Get From List" library="Collections">
<doc>Returns the value specified with an ``index`` from ``list``.</doc>
<arguments>
<arg>${value_list_sort}</arg>
<arg>${max_index}</arg>
</arguments>
<assign>
<var>${max_value}</var>
</assign>
<msg timestamp="20200823 19:30:58.807" level="INFO">${max_value} = 58990</msg>
<status status="PASS" starttime="20200823 19:30:58.806" endtime="20200823 19:30:58.807"></status>
</kw>
<kw name="Get Index From List" library="Collections">
<doc>Returns the index of the first occurrence of the ``value`` on the list.</doc>
<arguments>
<arg>${value_list}</arg>
<arg>${max_value}</arg>
</arguments>
<assign>
<var>${max_index}</var>
</assign>
<msg timestamp="20200823 19:30:58.808" level="INFO">${max_index} = 3</msg>
<status status="PASS" starttime="20200823 19:30:58.807" endtime="20200823 19:30:58.808"></status>
</kw>
<msg timestamp="20200823 19:30:58.809" level="INFO">${nth_price_index} = 3</msg>
<status status="PASS" starttime="20200823 19:30:57.943" endtime="20200823 19:30:58.809"></status>
</kw>
<kw name="Wait Until Page Contains Element" library="Selenium2Library">
<doc>Waits until the element ``locator`` appears on the current page.</doc>
<arguments>
<arg>${item_add_tag}</arg>
</arguments>
<status status="PASS" starttime="20200823 19:30:58.809" endtime="20200823 19:30:58.844"></status>
</kw>
<kw name="Get WebElements" library="Selenium2Library">
<doc>Returns a list of WebElement objects matching the ``locator``.</doc>
<arguments>
<arg>${item_add_tag}</arg>
</arguments>
<assign>
<var>${add_item_btns_list}</var>
</assign>
<msg timestamp="20200823 19:30:58.864" level="INFO">${add_item_btns_list} = [&lt;selenium.webdriver.remote.webelement.WebElement (session="dbaa0e6ae3840682ffaf197e1167d2c2", element="6d597c38-38eb-4d4e-abe5-d34d0146ce47")&gt;, &lt;selenium.webdriver.remote.webelement.WebElement (sessi...</msg>
<status status="PASS" starttime="20200823 19:30:58.845" endtime="20200823 19:30:58.864"></status>
</kw>
<kw name="Get From List" library="Collections">
<doc>Returns the value specified with an ``index`` from ``list``.</doc>
<arguments>
<arg>${add_item_btns_list}</arg>
<arg>${nth_price_index}</arg>
</arguments>
<assign>
<var>${add_item_btn}</var>
</assign>
<msg timestamp="20200823 19:30:58.865" level="INFO">${add_item_btn} = &lt;selenium.webdriver.remote.webelement.WebElement (session="dbaa0e6ae3840682ffaf197e1167d2c2", element="6b14add7-cd00-496a-abdf-ef6cea53c054")&gt;</msg>
<status status="PASS" starttime="20200823 19:30:58.865" endtime="20200823 19:30:58.866"></status>
</kw>
<kw name="Click Element" library="Selenium2Library">
<doc>Click the element identified by ``locator``.</doc>
<arguments>
<arg>${add_item_btn}</arg>
</arguments>
<msg timestamp="20200823 19:30:58.866" level="INFO">Clicking element '&lt;selenium.webdriver.remote.webelement.WebElement (session="dbaa0e6ae3840682ffaf197e1167d2c2", element="6b14add7-cd00-496a-abdf-ef6cea53c054")&gt;'.</msg>
<status status="PASS" starttime="20200823 19:30:58.866" endtime="20200823 19:31:00.442"></status>
</kw>
<kw name="Wait Until Element Contains" library="Selenium2Library">
<doc>Waits until the element ``locator`` contains ``text``.</doc>
<arguments>
<arg>${add_item_assert_tag}</arg>
<arg>${add_item_assert}</arg>
</arguments>
<status status="PASS" starttime="20200823 19:31:00.442" endtime="20200823 19:31:00.815"></status>
</kw>
<status status="PASS" starttime="20200823 19:30:57.920" endtime="20200823 19:31:00.815"></status>
</kw>
<kw name="Add More Items">
<kw name="Wait Until Page Contains Element" library="Selenium2Library">
<doc>Waits until the element ``locator`` appears on the current page.</doc>
<arguments>
<arg>${basket_return_btn}</arg>
</arguments>
<status status="PASS" starttime="20200823 19:31:00.816" endtime="20200823 19:31:00.823"></status>
</kw>
<kw name="Click Element" library="Selenium2Library">
<doc>Click the element identified by ``locator``.</doc>
<arguments>
<arg>${basket_return_btn}</arg>
</arguments>
<msg timestamp="20200823 19:31:00.824" level="INFO">Clicking element 'id:varABackButton'.</msg>
<status status="PASS" starttime="20200823 19:31:00.824" endtime="20200823 19:31:00.879"></status>
</kw>
<status status="PASS" starttime="20200823 19:31:00.816" endtime="20200823 19:31:00.880"></status>
</kw>
<kw name="Find nth Most Expensive Item and Add it">
<arguments>
<arg>2</arg>
</arguments>
<kw name="Wait Until Page Contains Element" library="Selenium2Library">
<doc>Waits until the element ``locator`` appears on the current page.</doc>
<arguments>
<arg>${item_price_tag}</arg>
</arguments>
<status status="PASS" starttime="20200823 19:31:00.881" endtime="20200823 19:31:02.018"></status>
</kw>
<kw name="Find Element with nth Highest Price">
<arguments>
<arg>${item_price_tag}</arg>
<arg>${n}</arg>
</arguments>
<assign>
<var>${nth_price_index}</var>
</assign>
<kw name="Get WebElements" library="Selenium2Library">
<doc>Returns a list of WebElement objects matching the ``locator``.</doc>
<arguments>
<arg>${elements_tag}</arg>
</arguments>
<assign>
<var>${element_list}</var>
</assign>
<msg timestamp="20200823 19:31:02.077" level="INFO">${element_list} = [&lt;selenium.webdriver.remote.webelement.WebElement (session="dbaa0e6ae3840682ffaf197e1167d2c2", element="726b1284-5425-4897-afb1-9bde8db9c770")&gt;, &lt;selenium.webdriver.remote.webelement.WebElement (sessi...</msg>
<status status="PASS" starttime="20200823 19:31:02.020" endtime="20200823 19:31:02.078"></status>
</kw>
<kw name="Get Element Count" library="Selenium2Library">
<doc>Returns the number of elements matching ``locator``.</doc>
<arguments>
<arg>${elements_tag}</arg>
</arguments>
<assign>
<var>${element_count}</var>
</assign>
<msg timestamp="20200823 19:31:02.098" level="INFO">${element_count} = 24</msg>
<status status="PASS" starttime="20200823 19:31:02.078" endtime="20200823 19:31:02.098"></status>
</kw>
<kw name="Create List" library="BuiltIn">
<doc>Returns a list containing given items.</doc>
<assign>
<var>${value_list}</var>
</assign>
<msg timestamp="20200823 19:31:02.099" level="INFO">${value_list} = []</msg>
<status status="PASS" starttime="20200823 19:31:02.099" endtime="20200823 19:31:02.100"></status>
</kw>
<kw name="${i} IN RANGE [ 0 | ${element_count} ]" type="for">
<kw name="${i} = 0" type="foritem">
<kw name="Get From List" library="Collections">
<doc>Returns the value specified with an ``index`` from ``list``.</doc>
<arguments>
<arg>${element_list}</arg>
<arg>${i}</arg>
</arguments>
<assign>
<var>${current_element}</var>
</assign>
<msg timestamp="20200823 19:31:02.101" level="INFO">${current_element} = &lt;selenium.webdriver.remote.webelement.WebElement (session="dbaa0e6ae3840682ffaf197e1167d2c2", element="726b1284-5425-4897-afb1-9bde8db9c770")&gt;</msg>
<status status="PASS" starttime="20200823 19:31:02.100" endtime="20200823 19:31:02.101"></status>
</kw>
<kw name="Get Text" library="Selenium2Library">
<doc>Returns the text value of the element identified by ``locator``.</doc>
<arguments>
<arg>${current_element}</arg>
</arguments>
<assign>
<var>${text}</var>
</assign>
<msg timestamp="20200823 19:31:02.123" level="INFO">${text} = 17 989,-</msg>
<status status="PASS" starttime="20200823 19:31:02.101" endtime="20200823 19:31:02.123"></status>
</kw>
<kw name="Fetch From Left" library="String">
<doc>Returns contents of the ``string`` before the first occurrence of ``marker``.</doc>
<arguments>
<arg>${text}</arg>
<arg>,</arg>
</arguments>
<assign>
<var>${trimmed_text}</var>
</assign>
<msg timestamp="20200823 19:31:02.124" level="INFO">${trimmed_text} = 17 989</msg>
<status status="PASS" starttime="20200823 19:31:02.123" endtime="20200823 19:31:02.124"></status>
</kw>
<kw name="Convert To Integer" library="BuiltIn">
<doc>Converts the given item to an integer number.</doc>
<arguments>
<arg>${trimmed_text}</arg>
</arguments>
<assign>
<var>${value}</var>
</assign>
<msg timestamp="20200823 19:31:02.125" level="INFO">${value} = 17989</msg>
<status status="PASS" starttime="20200823 19:31:02.124" endtime="20200823 19:31:02.125"></status>
</kw>
<kw name="Append To List" library="Collections">
<doc>Adds ``values`` to the end of ``list``.</doc>
<arguments>
<arg>${value_list}</arg>
<arg>${value}</arg>
</arguments>
<status status="PASS" starttime="20200823 19:31:02.125" endtime="20200823 19:31:02.125"></status>
</kw>
<status status="PASS" starttime="20200823 19:31:02.100" endtime="20200823 19:31:02.126"></status>
</kw>
<kw name="${i} = 1" type="foritem">
<kw name="Get From List" library="Collections">
<doc>Returns the value specified with an ``index`` from ``list``.</doc>
<arguments>
<arg>${element_list}</arg>
<arg>${i}</arg>
</arguments>
<assign>
<var>${current_element}</var>
</assign>
<msg timestamp="20200823 19:31:02.127" level="INFO">${current_element} = &lt;selenium.webdriver.remote.webelement.WebElement (session="dbaa0e6ae3840682ffaf197e1167d2c2", element="436f8169-cb97-4513-997e-f4af753714b4")&gt;</msg>
<status status="PASS" starttime="20200823 19:31:02.126" endtime="20200823 19:31:02.127"></status>
</kw>
<kw name="Get Text" library="Selenium2Library">
<doc>Returns the text value of the element identified by ``locator``.</doc>
<arguments>
<arg>${current_element}</arg>
</arguments>
<assign>
<var>${text}</var>
</assign>
<msg timestamp="20200823 19:31:02.140" level="INFO">${text} = 39 990,-</msg>
<status status="PASS" starttime="20200823 19:31:02.127" endtime="20200823 19:31:02.140"></status>
</kw>
<kw name="Fetch From Left" library="String">
<doc>Returns contents of the ``string`` before the first occurrence of ``marker``.</doc>
<arguments>
<arg>${text}</arg>
<arg>,</arg>
</arguments>
<assign>
<var>${trimmed_text}</var>
</assign>
<msg timestamp="20200823 19:31:02.141" level="INFO">${trimmed_text} = 39 990</msg>
<status status="PASS" starttime="20200823 19:31:02.140" endtime="20200823 19:31:02.141"></status>
</kw>
<kw name="Convert To Integer" library="BuiltIn">
<doc>Converts the given item to an integer number.</doc>
<arguments>
<arg>${trimmed_text}</arg>
</arguments>
<assign>
<var>${value}</var>
</assign>
<msg timestamp="20200823 19:31:02.141" level="INFO">${value} = 39990</msg>
<status status="PASS" starttime="20200823 19:31:02.141" endtime="20200823 19:31:02.141"></status>
</kw>
<kw name="Append To List" library="Collections">
<doc>Adds ``values`` to the end of ``list``.</doc>
<arguments>
<arg>${value_list}</arg>
<arg>${value}</arg>
</arguments>
<status status="PASS" starttime="20200823 19:31:02.141" endtime="20200823 19:31:02.142"></status>
</kw>
<status status="PASS" starttime="20200823 19:31:02.126" endtime="20200823 19:31:02.142"></status>
</kw>
<kw name="${i} = 2" type="foritem">
<kw name="Get From List" library="Collections">
<doc>Returns the value specified with an ``index`` from ``list``.</doc>
<arguments>
<arg>${element_list}</arg>
<arg>${i}</arg>
</arguments>
<assign>
<var>${current_element}</var>
</assign>
<msg timestamp="20200823 19:31:02.143" level="INFO">${current_element} = &lt;selenium.webdriver.remote.webelement.WebElement (session="dbaa0e6ae3840682ffaf197e1167d2c2", element="fd1813ef-5cc4-4889-a0c9-aee40a548abe")&gt;</msg>
<status status="PASS" starttime="20200823 19:31:02.142" endtime="20200823 19:31:02.143"></status>
</kw>
<kw name="Get Text" library="Selenium2Library">
<doc>Returns the text value of the element identified by ``locator``.</doc>
<arguments>
<arg>${current_element}</arg>
</arguments>
<assign>
<var>${text}</var>
</assign>
<msg timestamp="20200823 19:31:02.157" level="INFO">${text} = 41 990,-</msg>
<status status="PASS" starttime="20200823 19:31:02.143" endtime="20200823 19:31:02.157"></status>
</kw>
<kw name="Fetch From Left" library="String">
<doc>Returns contents of the ``string`` before the first occurrence of ``marker``.</doc>
<arguments>
<arg>${text}</arg>
<arg>,</arg>
</arguments>
<assign>
<var>${trimmed_text}</var>
</assign>
<msg timestamp="20200823 19:31:02.158" level="INFO">${trimmed_text} = 41 990</msg>
<status status="PASS" starttime="20200823 19:31:02.157" endtime="20200823 19:31:02.158"></status>
</kw>
<kw name="Convert To Integer" library="BuiltIn">
<doc>Converts the given item to an integer number.</doc>
<arguments>
<arg>${trimmed_text}</arg>
</arguments>
<assign>
<var>${value}</var>
</assign>
<msg timestamp="20200823 19:31:02.158" level="INFO">${value} = 41990</msg>
<status status="PASS" starttime="20200823 19:31:02.158" endtime="20200823 19:31:02.159"></status>
</kw>
<kw name="Append To List" library="Collections">
<doc>Adds ``values`` to the end of ``list``.</doc>
<arguments>
<arg>${value_list}</arg>
<arg>${value}</arg>
</arguments>
<status status="PASS" starttime="20200823 19:31:02.159" endtime="20200823 19:31:02.159"></status>
</kw>
<status status="PASS" starttime="20200823 19:31:02.142" endtime="20200823 19:31:02.159"></status>
</kw>
<kw name="${i} = 3" type="foritem">
<kw name="Get From List" library="Collections">
<doc>Returns the value specified with an ``index`` from ``list``.</doc>
<arguments>
<arg>${element_list}</arg>
<arg>${i}</arg>
</arguments>
<assign>
<var>${current_element}</var>
</assign>
<msg timestamp="20200823 19:31:02.161" level="INFO">${current_element} = &lt;selenium.webdriver.remote.webelement.WebElement (session="dbaa0e6ae3840682ffaf197e1167d2c2", element="b25810fe-d084-4a6a-8f5a-87f0d5e7bffc")&gt;</msg>
<status status="PASS" starttime="20200823 19:31:02.160" endtime="20200823 19:31:02.161"></status>
</kw>
<kw name="Get Text" library="Selenium2Library">
<doc>Returns the text value of the element identified by ``locator``.</doc>
<arguments>
<arg>${current_element}</arg>
</arguments>
<assign>
<var>${text}</var>
</assign>
<msg timestamp="20200823 19:31:02.175" level="INFO">${text} = 58 990,-</msg>
<status status="PASS" starttime="20200823 19:31:02.161" endtime="20200823 19:31:02.175"></status>
</kw>
<kw name="Fetch From Left" library="String">
<doc>Returns contents of the ``string`` before the first occurrence of ``marker``.</doc>
<arguments>
<arg>${text}</arg>
<arg>,</arg>
</arguments>
<assign>
<var>${trimmed_text}</var>
</assign>
<msg timestamp="20200823 19:31:02.176" level="INFO">${trimmed_text} = 58 990</msg>
<status status="PASS" starttime="20200823 19:31:02.175" endtime="20200823 19:31:02.176"></status>
</kw>
<kw name="Convert To Integer" library="BuiltIn">
<doc>Converts the given item to an integer number.</doc>
<arguments>
<arg>${trimmed_text}</arg>
</arguments>
<assign>
<var>${value}</var>
</assign>
<msg timestamp="20200823 19:31:02.176" level="INFO">${value} = 58990</msg>
<status status="PASS" starttime="20200823 19:31:02.176" endtime="20200823 19:31:02.177"></status>
</kw>
<kw name="Append To List" library="Collections">
<doc>Adds ``values`` to the end of ``list``.</doc>
<arguments>
<arg>${value_list}</arg>
<arg>${value}</arg>
</arguments>
<status status="PASS" starttime="20200823 19:31:02.177" endtime="20200823 19:31:02.177"></status>
</kw>
<status status="PASS" starttime="20200823 19:31:02.160" endtime="20200823 19:31:02.177"></status>
</kw>
<kw name="${i} = 4" type="foritem">
<kw name="Get From List" library="Collections">
<doc>Returns the value specified with an ``index`` from ``list``.</doc>
<arguments>
<arg>${element_list}</arg>
<arg>${i}</arg>
</arguments>
<assign>
<var>${current_element}</var>
</assign>
<msg timestamp="20200823 19:31:02.178" level="INFO">${current_element} = &lt;selenium.webdriver.remote.webelement.WebElement (session="dbaa0e6ae3840682ffaf197e1167d2c2", element="608315fe-6a0c-4d3b-a3f2-56b6f136d952")&gt;</msg>
<status status="PASS" starttime="20200823 19:31:02.177" endtime="20200823 19:31:02.178"></status>
</kw>
<kw name="Get Text" library="Selenium2Library">
<doc>Returns the text value of the element identified by ``locator``.</doc>
<arguments>
<arg>${current_element}</arg>
</arguments>
<assign>
<var>${text}</var>
</assign>
<msg timestamp="20200823 19:31:02.191" level="INFO">${text} = 11 990,-</msg>
<status status="PASS" starttime="20200823 19:31:02.178" endtime="20200823 19:31:02.191"></status>
</kw>
<kw name="Fetch From Left" library="String">
<doc>Returns contents of the ``string`` before the first occurrence of ``marker``.</doc>
<arguments>
<arg>${text}</arg>
<arg>,</arg>
</arguments>
<assign>
<var>${trimmed_text}</var>
</assign>
<msg timestamp="20200823 19:31:02.191" level="INFO">${trimmed_text} = 11 990</msg>
<status status="PASS" starttime="20200823 19:31:02.191" endtime="20200823 19:31:02.192"></status>
</kw>
<kw name="Convert To Integer" library="BuiltIn">
<doc>Converts the given item to an integer number.</doc>
<arguments>
<arg>${trimmed_text}</arg>
</arguments>
<assign>
<var>${value}</var>
</assign>
<msg timestamp="20200823 19:31:02.192" level="INFO">${value} = 11990</msg>
<status status="PASS" starttime="20200823 19:31:02.192" endtime="20200823 19:31:02.192"></status>
</kw>
<kw name="Append To List" library="Collections">
<doc>Adds ``values`` to the end of ``list``.</doc>
<arguments>
<arg>${value_list}</arg>
<arg>${value}</arg>
</arguments>
<status status="PASS" starttime="20200823 19:31:02.193" endtime="20200823 19:31:02.193"></status>
</kw>
<status status="PASS" starttime="20200823 19:31:02.177" endtime="20200823 19:31:02.193"></status>
</kw>
<kw name="${i} = 5" type="foritem">
<kw name="Get From List" library="Collections">
<doc>Returns the value specified with an ``index`` from ``list``.</doc>
<arguments>
<arg>${element_list}</arg>
<arg>${i}</arg>
</arguments>
<assign>
<var>${current_element}</var>
</assign>
<msg timestamp="20200823 19:31:02.194" level="INFO">${current_element} = &lt;selenium.webdriver.remote.webelement.WebElement (session="dbaa0e6ae3840682ffaf197e1167d2c2", element="8f13846e-a260-4feb-9bb8-9154c0ae10e5")&gt;</msg>
<status status="PASS" starttime="20200823 19:31:02.193" endtime="20200823 19:31:02.194"></status>
</kw>
<kw name="Get Text" library="Selenium2Library">
<doc>Returns the text value of the element identified by ``locator``.</doc>
<arguments>
<arg>${current_element}</arg>
</arguments>
<assign>
<var>${text}</var>
</assign>
<msg timestamp="20200823 19:31:02.217" level="INFO">${text} = 28 989,-</msg>
<status status="PASS" starttime="20200823 19:31:02.194" endtime="20200823 19:31:02.217"></status>
</kw>
<kw name="Fetch From Left" library="String">
<doc>Returns contents of the ``string`` before the first occurrence of ``marker``.</doc>
<arguments>
<arg>${text}</arg>
<arg>,</arg>
</arguments>
<assign>
<var>${trimmed_text}</var>
</assign>
<msg timestamp="20200823 19:31:02.218" level="INFO">${trimmed_text} = 28 989</msg>
<status status="PASS" starttime="20200823 19:31:02.217" endtime="20200823 19:31:02.218"></status>
</kw>
<kw name="Convert To Integer" library="BuiltIn">
<doc>Converts the given item to an integer number.</doc>
<arguments>
<arg>${trimmed_text}</arg>
</arguments>
<assign>
<var>${value}</var>
</assign>
<msg timestamp="20200823 19:31:02.219" level="INFO">${value} = 28989</msg>
<status status="PASS" starttime="20200823 19:31:02.218" endtime="20200823 19:31:02.219"></status>
</kw>
<kw name="Append To List" library="Collections">
<doc>Adds ``values`` to the end of ``list``.</doc>
<arguments>
<arg>${value_list}</arg>
<arg>${value}</arg>
</arguments>
<status status="PASS" starttime="20200823 19:31:02.219" endtime="20200823 19:31:02.220"></status>
</kw>
<status status="PASS" starttime="20200823 19:31:02.193" endtime="20200823 19:31:02.220"></status>
</kw>
<kw name="${i} = 6" type="foritem">
<kw name="Get From List" library="Collections">
<doc>Returns the value specified with an ``index`` from ``list``.</doc>
<arguments>
<arg>${element_list}</arg>
<arg>${i}</arg>
</arguments>
<assign>
<var>${current_element}</var>
</assign>
<msg timestamp="20200823 19:31:02.220" level="INFO">${current_element} = &lt;selenium.webdriver.remote.webelement.WebElement (session="dbaa0e6ae3840682ffaf197e1167d2c2", element="522c4cbb-8abb-448d-87b7-2828a2f03d64")&gt;</msg>
<status status="PASS" starttime="20200823 19:31:02.220" endtime="20200823 19:31:02.221"></status>
</kw>
<kw name="Get Text" library="Selenium2Library">
<doc>Returns the text value of the element identified by ``locator``.</doc>
<arguments>
<arg>${current_element}</arg>
</arguments>
<assign>
<var>${text}</var>
</assign>
<msg timestamp="20200823 19:31:02.263" level="INFO">${text} = 9 490,-</msg>
<status status="PASS" starttime="20200823 19:31:02.221" endtime="20200823 19:31:02.263"></status>
</kw>
<kw name="Fetch From Left" library="String">
<doc>Returns contents of the ``string`` before the first occurrence of ``marker``.</doc>
<arguments>
<arg>${text}</arg>
<arg>,</arg>
</arguments>
<assign>
<var>${trimmed_text}</var>
</assign>
<msg timestamp="20200823 19:31:02.264" level="INFO">${trimmed_text} = 9 490</msg>
<status status="PASS" starttime="20200823 19:31:02.264" endtime="20200823 19:31:02.264"></status>
</kw>
<kw name="Convert To Integer" library="BuiltIn">
<doc>Converts the given item to an integer number.</doc>
<arguments>
<arg>${trimmed_text}</arg>
</arguments>
<assign>
<var>${value}</var>
</assign>
<msg timestamp="20200823 19:31:02.265" level="INFO">${value} = 9490</msg>
<status status="PASS" starttime="20200823 19:31:02.265" endtime="20200823 19:31:02.265"></status>
</kw>
<kw name="Append To List" library="Collections">
<doc>Adds ``values`` to the end of ``list``.</doc>
<arguments>
<arg>${value_list}</arg>
<arg>${value}</arg>
</arguments>
<status status="PASS" starttime="20200823 19:31:02.265" endtime="20200823 19:31:02.266"></status>
</kw>
<status status="PASS" starttime="20200823 19:31:02.220" endtime="20200823 19:31:02.266"></status>
</kw>
<kw name="${i} = 7" type="foritem">
<kw name="Get From List" library="Collections">
<doc>Returns the value specified with an ``index`` from ``list``.</doc>
<arguments>
<arg>${element_list}</arg>
<arg>${i}</arg>
</arguments>
<assign>
<var>${current_element}</var>
</assign>
[...]
</kw>
<kw name="Fetch From Left" library="String">
<doc>Returns contents of the ``string`` before the first occurrence of ``marker``.</doc>
<arguments>
<arg>${text}</arg>
<arg>,</arg>
</arguments>
<assign>
<var>${trimmed_text}</var>
</assign>
<msg timestamp="20200823 19:31:02.786" level="INFO">${trimmed_text} = 20 990</msg>
<status status="PASS" starttime="20200823 19:31:02.785" endtime="20200823 19:31:02.786"></status>
</kw>
<kw name="Convert To Integer" library="BuiltIn">
<doc>Converts the given item to an integer number.</doc>
<arguments>
<arg>${trimmed_text}</arg>
</arguments>
<assign>
<var>${value}</var>
</assign>
<msg timestamp="20200823 19:31:02.786" level="INFO">${value} = 20990</msg>
<status status="PASS" starttime="20200823 19:31:02.786" endtime="20200823 19:31:02.786"></status>
</kw>
<kw name="Append To List" library="Collections">
<doc>Adds ``values`` to the end of ``list``.</doc>
<arguments>
<arg>${value_list}</arg>
<arg>${value}</arg>
</arguments>
<status status="PASS" starttime="20200823 19:31:02.786" endtime="20200823 19:31:02.787"></status>
</kw>
<status status="PASS" starttime="20200823 19:31:02.773" endtime="20200823 19:31:02.787"></status>
</kw>
<status status="PASS" starttime="20200823 19:31:02.100" endtime="20200823 19:31:02.787"></status>
</kw>
<kw name="Copy List" library="Collections">
<doc>Returns a copy of the given list.</doc>
<arguments>
<arg>${value_list}</arg>
</arguments>
<assign>
<var>${value_list_sort}</var>
</assign>
<msg timestamp="20200823 19:31:02.788" level="INFO">${value_list_sort} = [17989, 39990, 41990, 58990, 11990, 28989, 9490, 31989, 36989, 34989, 7399, 18990, 19990, 12489, 29990, 18990, 31990, 14990, 19990, 11990, 23990, 16990, 11990, 20990]</msg>
<status status="PASS" starttime="20200823 19:31:02.787" endtime="20200823 19:31:02.788"></status>
</kw>
<kw name="Sort List" library="Collections">
<doc>Sorts the given list in place.</doc>
<arguments>
<arg>${value_list_sort}</arg>
</arguments>
<status status="PASS" starttime="20200823 19:31:02.788" endtime="20200823 19:31:02.788"></status>
</kw>
<kw name="Evaluate" library="BuiltIn">
<doc>Evaluates the given expression in Python and returns the result.</doc>
<arguments>
<arg>${element_count} - ${n}</arg>
</arguments>
<assign>
<var>${max_index}</var>
</assign>
<msg timestamp="20200823 19:31:02.788" level="INFO">${max_index} = 22</msg>
<status status="PASS" starttime="20200823 19:31:02.788" endtime="20200823 19:31:02.789"></status>
</kw>
<kw name="Get From List" library="Collections">
<doc>Returns the value specified with an ``index`` from ``list``.</doc>
<arguments>
<arg>${value_list_sort}</arg>
<arg>${max_index}</arg>
</arguments>
<assign>
<var>${max_value}</var>
</assign>
<msg timestamp="20200823 19:31:02.789" level="INFO">${max_value} = 41990</msg>
<status status="PASS" starttime="20200823 19:31:02.789" endtime="20200823 19:31:02.789"></status>
</kw>
<kw name="Get Index From List" library="Collections">
<doc>Returns the index of the first occurrence of the ``value`` on the list.</doc>
<arguments>
<arg>${value_list}</arg>
<arg>${max_value}</arg>
</arguments>
<assign>
<var>${max_index}</var>
</assign>
<msg timestamp="20200823 19:31:02.789" level="INFO">${max_index} = 2</msg>
<status status="PASS" starttime="20200823 19:31:02.789" endtime="20200823 19:31:02.790"></status>
</kw>
<msg timestamp="20200823 19:31:02.790" level="INFO">${nth_price_index} = 2</msg>
<status status="PASS" starttime="20200823 19:31:02.019" endtime="20200823 19:31:02.790"></status>
</kw>
<kw name="Wait Until Page Contains Element" library="Selenium2Library">
<doc>Waits until the element ``locator`` appears on the current page.</doc>
<arguments>
<arg>${item_add_tag}</arg>
</arguments>
<status status="PASS" starttime="20200823 19:31:02.790" endtime="20200823 19:31:02.799"></status>
</kw>
<kw name="Get WebElements" library="Selenium2Library">
<doc>Returns a list of WebElement objects matching the ``locator``.</doc>
<arguments>
<arg>${item_add_tag}</arg>
</arguments>
<assign>
<var>${add_item_btns_list}</var>
</assign>
<msg timestamp="20200823 19:31:02.806" level="INFO">${add_item_btns_list} = [&lt;selenium.webdriver.remote.webelement.WebElement (session="dbaa0e6ae3840682ffaf197e1167d2c2", element="cdae4793-efa9-4b04-854c-64b221fd0ea1")&gt;, &lt;selenium.webdriver.remote.webelement.WebElement (sessi...</msg>
<status status="PASS" starttime="20200823 19:31:02.799" endtime="20200823 19:31:02.807"></status>
</kw>
<kw name="Get From List" library="Collections">
<doc>Returns the value specified with an ``index`` from ``list``.</doc>
<arguments>
<arg>${add_item_btns_list}</arg>
<arg>${nth_price_index}</arg>
</arguments>
<assign>
<var>${add_item_btn}</var>
</assign>
<msg timestamp="20200823 19:31:02.807" level="INFO">${add_item_btn} = &lt;selenium.webdriver.remote.webelement.WebElement (session="dbaa0e6ae3840682ffaf197e1167d2c2", element="240a6a54-3421-45fd-96c7-29e2a4f48dae")&gt;</msg>
<status status="PASS" starttime="20200823 19:31:02.807" endtime="20200823 19:31:02.807"></status>
</kw>
<kw name="Click Element" library="Selenium2Library">
<doc>Click the element identified by ``locator``.</doc>
<arguments>
<arg>${add_item_btn}</arg>
</arguments>
<msg timestamp="20200823 19:31:02.808" level="INFO">Clicking element '&lt;selenium.webdriver.remote.webelement.WebElement (session="dbaa0e6ae3840682ffaf197e1167d2c2", element="240a6a54-3421-45fd-96c7-29e2a4f48dae")&gt;'.</msg>
<status status="PASS" starttime="20200823 19:31:02.807" endtime="20200823 19:31:02.925"></status>
</kw>
<kw name="Wait Until Element Contains" library="Selenium2Library">
<doc>Waits until the element ``locator`` contains ``text``.</doc>
<arguments>
<arg>${add_item_assert_tag}</arg>
<arg>${add_item_assert}</arg>
</arguments>
<status status="PASS" starttime="20200823 19:31:02.925" endtime="20200823 19:31:04.612"></status>
</kw>
<status status="PASS" starttime="20200823 19:31:00.880" endtime="20200823 19:31:04.613"></status>
</kw>
<kw name="Continue to Basket">
<kw name="Wait Until Page Contains Element" library="Selenium2Library">
<doc>Waits until the element ``locator`` appears on the current page.</doc>
<arguments>
<arg>${basket_continue_btn}</arg>
</arguments>
<status status="PASS" starttime="20200823 19:31:04.614" endtime="20200823 19:31:04.625"></status>
</kw>
<kw name="Click Element" library="Selenium2Library">
<doc>Click the element identified by ``locator``.</doc>
<arguments>
<arg>${basket_continue_btn}</arg>
</arguments>
<msg timestamp="20200823 19:31:04.626" level="INFO">Clicking element 'id:varAToBasketButton'.</msg>
<status status="PASS" starttime="20200823 19:31:04.626" endtime="20200823 19:31:04.673"></status>
</kw>
<status status="PASS" starttime="20200823 19:31:04.613" endtime="20200823 19:31:04.673"></status>
</kw>
<kw name="Close Browser and Capture Screenshot" type="teardown">
<kw name="Capture Page Screenshot" library="Selenium2Library">
<doc>Takes a screenshot of the current page and embeds it into a log file.</doc>
<msg timestamp="20200823 19:31:05.638" level="INFO" html="yes">&lt;/td&gt;&lt;/tr&gt;&lt;tr&gt;&lt;td colspan="3"&gt;&lt;a href="screenshots/selenium-screenshot-2.png"&gt;&lt;img src="screenshots/selenium-screenshot-2.png" width="800px"&gt;&lt;/a&gt;</msg>
<status status="PASS" starttime="20200823 19:31:04.674" endtime="20200823 19:31:05.638"></status>
</kw>
<kw name="Close Browser" library="Selenium2Library">
<doc>Closes the current browser.</doc>
<status status="PASS" starttime="20200823 19:31:05.639" endtime="20200823 19:31:07.749"></status>
</kw>
<status status="PASS" starttime="20200823 19:31:04.673" endtime="20200823 19:31:07.750"></status>
</kw>
<status status="PASS" starttime="20200823 19:30:48.014" endtime="20200823 19:31:07.750" critical="yes"></status>
</test>
<test id="s1-s1-s1-t2" name="Go to Notebook Category Sort by Price and Add 2 Most Expensive Items to Basket">
<kw name="Open Browser and go to Page" type="setup">
<kw name="Set Screenshot Directory" library="Selenium2Library">
<doc>Sets the directory for captured screenshots.</doc>
<arguments>
<arg>screenshots</arg>
</arguments>
<status status="PASS" starttime="20200823 19:31:07.754" endtime="20200823 19:31:07.754"></status>
</kw>
<kw name="Open Browser" library="Selenium2Library">
<doc>Opens a new browser instance to the optional ``url``.</doc>
<arguments>
<arg>${url}</arg>
<arg>${browser}</arg>
</arguments>
<msg timestamp="20200823 19:31:07.755" level="INFO">Opening browser 'chrome' to base url 'https://www.alza.cz/'.</msg>
<status status="PASS" starttime="20200823 19:31:07.755" endtime="20200823 19:31:12.784"></status>
</kw>
<kw name="Maximize Browser Window" library="Selenium2Library">
<doc>Maximizes current browser window.</doc>
<status status="PASS" starttime="20200823 19:31:12.784" endtime="20200823 19:31:14.955"></status>
</kw>
<status status="PASS" starttime="20200823 19:31:07.753" endtime="20200823 19:31:14.956"></status>
</kw>
<kw name="Go To Category">
<arguments>
<arg>id:litp18842920</arg>
<arg>Notebooky</arg>
</arguments>
<kw name="Click Element" library="Selenium2Library">
<doc>Click the element identified by ``locator``.</doc>
<arguments>
<arg>${category_btn}</arg>
</arguments>
<msg timestamp="20200823 19:31:14.957" level="INFO">Clicking element 'id:litp18842920'.</msg>
<status status="PASS" starttime="20200823 19:31:14.957" endtime="20200823 19:31:16.925"></status>
</kw>
<kw name="Wait Until Element Contains" library="Selenium2Library">
<doc>Waits until the element ``locator`` contains ``text``.</doc>
<arguments>
<arg>${category_assert_tag}</arg>
<arg>${category_assert}</arg>
</arguments>
<status status="PASS" starttime="20200823 19:31:16.926" endtime="20200823 19:31:18.672"></status>
</kw>
<status status="PASS" starttime="20200823 19:31:14.956" endtime="20200823 19:31:18.672"></status>
</kw>
<kw name="Sort Items by Price">
<kw name="Wait Until Page Contains Element" library="Selenium2Library">
<doc>Waits until the element ``locator`` appears on the current page.</doc>
<arguments>
<arg>${sort_price_btn}</arg>
</arguments>
<status status="PASS" starttime="20200823 19:31:18.673" endtime="20200823 19:31:18.687"></status>
</kw>
<kw name="Click Element" library="Selenium2Library">
<doc>Click the element identified by ``locator``.</doc>
<arguments>
<arg>${sort_price_btn}</arg>
</arguments>
<msg timestamp="20200823 19:31:18.688" level="INFO">Clicking element 'css:[aria-controls="cenadesc"]'.</msg>
<status status="PASS" starttime="20200823 19:31:18.688" endtime="20200823 19:31:18.823"></status>
</kw>
<kw name="Wait Until Element Is Not Visible" library="Selenium2Library">
<doc>Waits until the element ``locator`` is not visible.</doc>
<arguments>
<arg>${circle_loader_tag}</arg>
</arguments>
<status status="PASS" starttime="20200823 19:31:18.824" endtime="20200823 19:31:21.687"></status>
</kw>
<status status="PASS" starttime="20200823 19:31:18.672" endtime="20200823 19:31:21.687"></status>
</kw>
<kw name="Add nth Item">
<arguments>
<arg>1</arg>
</arguments>
<kw name="Wait Until Page Contains Element" library="Selenium2Library">
<doc>Waits until the element ``locator`` appears on the current page.</doc>
<arguments>
<arg>${item_add_tag}</arg>
</arguments>
<status status="PASS" starttime="20200823 19:31:21.688" endtime="20200823 19:31:21.709"></status>
</kw>
<kw name="Get WebElements" library="Selenium2Library">
<doc>Returns a list of WebElement objects matching the ``locator``.</doc>
<arguments>
<arg>${item_add_tag}</arg>
</arguments>
<assign>
<var>${add_item_btns_list}</var>
</assign>
<msg timestamp="20200823 19:31:21.718" level="INFO">${add_item_btns_list} = [&lt;selenium.webdriver.remote.webelement.WebElement (session="a2057889a85d4abffb4b040fc0079371", element="1e605f79-4b6d-4c30-912f-1e750c004149")&gt;, &lt;selenium.webdriver.remote.webelement.WebElement (sessi...</msg>
<status status="PASS" starttime="20200823 19:31:21.710" endtime="20200823 19:31:21.718"></status>
</kw>
<kw name="Evaluate" library="BuiltIn">
<doc>Evaluates the given expression in Python and returns the result.</doc>
<arguments>
<arg>${n} - 1</arg>
</arguments>
<assign>
<var>${n}</var>
</assign>
<msg timestamp="20200823 19:31:21.719" level="INFO">${n} = 0</msg>
<status status="PASS" starttime="20200823 19:31:21.719" endtime="20200823 19:31:21.719"></status>
</kw>
<kw name="Get From List" library="Collections">
<doc>Returns the value specified with an ``index`` from ``list``.</doc>
<arguments>
<arg>${add_item_btns_list}</arg>
<arg>${n}</arg>
</arguments>
<assign>
<var>${add_item_btn}</var>
</assign>
<msg timestamp="20200823 19:31:21.720" level="INFO">${add_item_btn} = &lt;selenium.webdriver.remote.webelement.WebElement (session="a2057889a85d4abffb4b040fc0079371", element="1e605f79-4b6d-4c30-912f-1e750c004149")&gt;</msg>
<status status="PASS" starttime="20200823 19:31:21.720" endtime="20200823 19:31:21.720"></status>
</kw>
<kw name="Click Element" library="Selenium2Library">
<doc>Click the element identified by ``locator``.</doc>
<arguments>
<arg>${add_item_btn}</arg>
</arguments>
<msg timestamp="20200823 19:31:21.721" level="INFO">Clicking element '&lt;selenium.webdriver.remote.webelement.WebElement (session="a2057889a85d4abffb4b040fc0079371", element="1e605f79-4b6d-4c30-912f-1e750c004149")&gt;'.</msg>
<status status="PASS" starttime="20200823 19:31:21.721" endtime="20200823 19:31:21.851"></status>
</kw>
<kw name="Wait Until Element Contains" library="Selenium2Library">
<doc>Waits until the element ``locator`` contains ``text``.</doc>
<arguments>
<arg>${add_item_assert_tag}</arg>
<arg>${add_item_assert}</arg>
</arguments>
<status status="PASS" starttime="20200823 19:31:21.852" endtime="20200823 19:31:23.309"></status>
</kw>
<status status="PASS" starttime="20200823 19:31:21.688" endtime="20200823 19:31:23.310"></status>
</kw>
<kw name="Add More Items">
<kw name="Wait Until Page Contains Element" library="Selenium2Library">
<doc>Waits until the element ``locator`` appears on the current page.</doc>
<arguments>
<arg>${basket_return_btn}</arg>
</arguments>
<status status="PASS" starttime="20200823 19:31:23.311" endtime="20200823 19:31:23.324"></status>
</kw>
<kw name="Click Element" library="Selenium2Library">
<doc>Click the element identified by ``locator``.</doc>
<arguments>
<arg>${basket_return_btn}</arg>
</arguments>
<msg timestamp="20200823 19:31:23.325" level="INFO">Clicking element 'id:varABackButton'.</msg>
<status status="PASS" starttime="20200823 19:31:23.324" endtime="20200823 19:31:23.388"></status>
</kw>
<status status="PASS" starttime="20200823 19:31:23.310" endtime="20200823 19:31:23.389"></status>
</kw>
<kw name="Add nth Item">
<arguments>
<arg>2</arg>
</arguments>
<kw name="Wait Until Page Contains Element" library="Selenium2Library">
<doc>Waits until the element ``locator`` appears on the current page.</doc>
<arguments>
<arg>${item_add_tag}</arg>
</arguments>
<status status="PASS" starttime="20200823 19:31:23.390" endtime="20200823 19:31:24.932"></status>
</kw>
<kw name="Get WebElements" library="Selenium2Library">
<doc>Returns a list of WebElement objects matching the ``locator``.</doc>
<arguments>
<arg>${item_add_tag}</arg>
</arguments>
<assign>
<var>${add_item_btns_list}</var>
</assign>
<msg timestamp="20200823 19:31:24.956" level="INFO">${add_item_btns_list} = [&lt;selenium.webdriver.remote.webelement.WebElement (session="a2057889a85d4abffb4b040fc0079371", element="b19959e7-d3ac-4a71-9a2b-e77de9e446b4")&gt;, &lt;selenium.webdriver.remote.webelement.WebElement (sessi...</msg>
<status status="PASS" starttime="20200823 19:31:24.932" endtime="20200823 19:31:24.956"></status>
</kw>
<kw name="Evaluate" library="BuiltIn">
<doc>Evaluates the given expression in Python and returns the result.</doc>
<arguments>
<arg>${n} - 1</arg>
</arguments>
<assign>
<var>${n}</var>
</assign>
<msg timestamp="20200823 19:31:24.958" level="INFO">${n} = 1</msg>
<status status="PASS" starttime="20200823 19:31:24.957" endtime="20200823 19:31:24.958"></status>
</kw>
<kw name="Get From List" library="Collections">
<doc>Returns the value specified with an ``index`` from ``list``.</doc>
<arguments>
<arg>${add_item_btns_list}</arg>
<arg>${n}</arg>
</arguments>
<assign>
<var>${add_item_btn}</var>
</assign>
<msg timestamp="20200823 19:31:24.960" level="INFO">${add_item_btn} = &lt;selenium.webdriver.remote.webelement.WebElement (session="a2057889a85d4abffb4b040fc0079371", element="63cc21d5-32d1-4d9d-9129-55734f991c91")&gt;</msg>
<status status="PASS" starttime="20200823 19:31:24.959" endtime="20200823 19:31:24.961"></status>
</kw>
<kw name="Click Element" library="Selenium2Library">
<doc>Click the element identified by ``locator``.</doc>
<arguments>
<arg>${add_item_btn}</arg>
</arguments>
<msg timestamp="20200823 19:31:24.961" level="INFO">Clicking element '&lt;selenium.webdriver.remote.webelement.WebElement (session="a2057889a85d4abffb4b040fc0079371", element="63cc21d5-32d1-4d9d-9129-55734f991c91")&gt;'.</msg>
<status status="PASS" starttime="20200823 19:31:24.961" endtime="20200823 19:31:25.087"></status>
</kw>
<kw name="Wait Until Element Contains" library="Selenium2Library">
<doc>Waits until the element ``locator`` contains ``text``.</doc>
<arguments>
<arg>${add_item_assert_tag}</arg>
<arg>${add_item_assert}</arg>
</arguments>
<status status="PASS" starttime="20200823 19:31:25.087" endtime="20200823 19:31:26.302"></status>
</kw>
<status status="PASS" starttime="20200823 19:31:23.389" endtime="20200823 19:31:26.303"></status>
</kw>
<kw name="Continue to Basket">
<kw name="Wait Until Page Contains Element" library="Selenium2Library">
<doc>Waits until the element ``locator`` appears on the current page.</doc>
<arguments>
<arg>${basket_continue_btn}</arg>
</arguments>
<status status="PASS" starttime="20200823 19:31:26.303" endtime="20200823 19:31:26.314"></status>
</kw>
<kw name="Click Element" library="Selenium2Library">
<doc>Click the element identified by ``locator``.</doc>
<arguments>
<arg>${basket_continue_btn}</arg>
</arguments>
<msg timestamp="20200823 19:31:26.314" level="INFO">Clicking element 'id:varAToBasketButton'.</msg>
<status status="PASS" starttime="20200823 19:31:26.314" endtime="20200823 19:31:27.191"></status>
</kw>
<status status="PASS" starttime="20200823 19:31:26.303" endtime="20200823 19:31:27.191"></status>
</kw>
<kw name="Close Browser and Capture Screenshot" type="teardown">
<kw name="Capture Page Screenshot" library="Selenium2Library">
<doc>Takes a screenshot of the current page and embeds it into a log file.</doc>
<msg timestamp="20200823 19:31:27.520" level="INFO" html="yes">&lt;/td&gt;&lt;/tr&gt;&lt;tr&gt;&lt;td colspan="3"&gt;&lt;a href="screenshots/selenium-screenshot-3.png"&gt;&lt;img src="screenshots/selenium-screenshot-3.png" width="800px"&gt;&lt;/a&gt;</msg>
<status status="PASS" starttime="20200823 19:31:27.193" endtime="20200823 19:31:27.521"></status>
</kw>
<kw name="Close Browser" library="Selenium2Library">
<doc>Closes the current browser.</doc>
<status status="PASS" starttime="20200823 19:31:27.521" endtime="20200823 19:31:29.629"></status>
</kw>
<status status="PASS" starttime="20200823 19:31:27.192" endtime="20200823 19:31:29.630"></status>
</kw>
<status status="PASS" starttime="20200823 19:31:07.751" endtime="20200823 19:31:29.630" critical="yes"></status>
</test>
<status status="PASS" starttime="20200823 19:30:47.844" endtime="20200823 19:31:29.632"></status>
</suite>
<status status="PASS" starttime="20200823 19:30:47.842" endtime="20200823 19:31:29.637"></status>
</suite>
<status status="PASS" starttime="20200823 19:30:47.822" endtime="20200823 19:31:29.640"></status>
</suite>
<statistics>
<total>
<stat pass="2" fail="0">Critical Tests</stat>
<stat pass="2" fail="0">All Tests</stat>
</total>
<tag>
</tag>
<suite>
<stat pass="2" fail="0" id="s1" name="Tests Alza">Tests Alza</stat>
<stat pass="2" fail="0" id="s1-s1" name="Tests">Tests Alza.Tests</stat>
<stat pass="2" fail="0" id="s1-s1-s1" name="Tests Basket">Tests Alza.Tests.Tests Basket</stat>
</suite>
</statistics>
<errors>
</errors>
</robot>
